ARM GAS  /tmp/ccIKYuib.s 			page 1


   1              		.cpu cortex-m4
   2              		.eabi_attribute 27, 1
   3              		.eabi_attribute 28, 1
   4              		.eabi_attribute 20, 1
   5              		.eabi_attribute 21, 1
   6              		.eabi_attribute 23, 3
   7              		.eabi_attribute 24, 1
   8              		.eabi_attribute 25, 1
   9              		.eabi_attribute 26, 1
  10              		.eabi_attribute 30, 2
  11              		.eabi_attribute 34, 1
  12              		.eabi_attribute 18, 4
  13              		.file	"dma.c"
  14              		.text
  15              	.Ltext0:
  16              		.cfi_sections	.debug_frame
  17              		.section	.text.MX_DMA_Init,"ax",%progbits
  18              		.align	1
  19              		.p2align 2,,3
  20              		.global	MX_DMA_Init
  21              		.syntax unified
  22              		.thumb
  23              		.thumb_func
  24              		.fpu fpv4-sp-d16
  26              	MX_DMA_Init:
  27              	.LFB130:
  28              		.file 1 "Src/dma.c"
   1:Src/dma.c     **** /**
   2:Src/dma.c     ****   ******************************************************************************
   3:Src/dma.c     ****   * File Name          : dma.c
   4:Src/dma.c     ****   * Description        : This file provides code for the configuration
   5:Src/dma.c     ****   *                      of all the requested memory to memory DMA transfers.
   6:Src/dma.c     ****   ******************************************************************************
   7:Src/dma.c     ****   * @attention
   8:Src/dma.c     ****   *
   9:Src/dma.c     ****   * <h2><center>&copy; Copyright (c) 2019 STMicroelectronics.
  10:Src/dma.c     ****   * All rights reserved.</center></h2>
  11:Src/dma.c     ****   *
  12:Src/dma.c     ****   * This software component is licensed by ST under BSD 3-Clause license,
  13:Src/dma.c     ****   * the "License"; You may not use this file except in compliance with the
  14:Src/dma.c     ****   * License. You may obtain a copy of the License at:
  15:Src/dma.c     ****   *                        opensource.org/licenses/BSD-3-Clause
  16:Src/dma.c     ****   *
  17:Src/dma.c     ****   ******************************************************************************
  18:Src/dma.c     ****   */
  19:Src/dma.c     **** /* Includes ------------------------------------------------------------------*/
  20:Src/dma.c     **** #include "dma.h"
  21:Src/dma.c     **** 
  22:Src/dma.c     **** /* USER CODE BEGIN 0 */
  23:Src/dma.c     **** 
  24:Src/dma.c     **** /* USER CODE END 0 */
  25:Src/dma.c     **** 
  26:Src/dma.c     **** /*----------------------------------------------------------------------------*/
  27:Src/dma.c     **** /* Configure DMA                                                              */
  28:Src/dma.c     **** /*----------------------------------------------------------------------------*/
  29:Src/dma.c     **** 
  30:Src/dma.c     **** /* USER CODE BEGIN 1 */
ARM GAS  /tmp/ccIKYuib.s 			page 2


  31:Src/dma.c     **** 
  32:Src/dma.c     **** /* USER CODE END 1 */
  33:Src/dma.c     **** 
  34:Src/dma.c     **** /** 
  35:Src/dma.c     ****   * Enable DMA controller clock
  36:Src/dma.c     ****   */
  37:Src/dma.c     **** void MX_DMA_Init(void) 
  38:Src/dma.c     **** {
  29              		.loc 1 38 0
  30              		.cfi_startproc
  31              		@ args = 0, pretend = 0, frame = 8
  32              		@ frame_needed = 0, uses_anonymous_args = 0
  33 0000 00B5     		push	{lr}
  34              	.LCFI0:
  35              		.cfi_def_cfa_offset 4
  36              		.cfi_offset 14, -4
  37 0002 83B0     		sub	sp, sp, #12
  38              	.LCFI1:
  39              		.cfi_def_cfa_offset 16
  40              	.LBB2:
  39:Src/dma.c     ****   /* DMA controller clock enable */
  40:Src/dma.c     ****   __HAL_RCC_DMA2_CLK_ENABLE();
  41              		.loc 1 40 0
  42 0004 0022     		movs	r2, #0
  43 0006 0A4B     		ldr	r3, .L4
  44 0008 0192     		str	r2, [sp, #4]
  45 000a 196B     		ldr	r1, [r3, #48]
  46 000c 41F48001 		orr	r1, r1, #4194304
  47 0010 1963     		str	r1, [r3, #48]
  48 0012 1B6B     		ldr	r3, [r3, #48]
  49 0014 03F48003 		and	r3, r3, #4194304
  50 0018 0193     		str	r3, [sp, #4]
  51              	.LBE2:
  41:Src/dma.c     **** 
  42:Src/dma.c     ****   /* DMA interrupt init */
  43:Src/dma.c     ****   /* DMA2_Stream0_IRQn interrupt configuration */
  44:Src/dma.c     ****   HAL_NVIC_SetPriority(DMA2_Stream0_IRQn, 1, 0);
  52              		.loc 1 44 0
  53 001a 0121     		movs	r1, #1
  54 001c 3820     		movs	r0, #56
  55              	.LBB3:
  40:Src/dma.c     **** 
  56              		.loc 1 40 0
  57 001e 019B     		ldr	r3, [sp, #4]
  58              	.LBE3:
  59              		.loc 1 44 0
  60 0020 FFF7FEFF 		bl	HAL_NVIC_SetPriority
  61              	.LVL0:
  45:Src/dma.c     ****   HAL_NVIC_EnableIRQ(DMA2_Stream0_IRQn);
  62              		.loc 1 45 0
  63 0024 3820     		movs	r0, #56
  46:Src/dma.c     **** 
  47:Src/dma.c     **** }
  64              		.loc 1 47 0
  65 0026 03B0     		add	sp, sp, #12
  66              	.LCFI2:
  67              		.cfi_def_cfa_offset 4
ARM GAS  /tmp/ccIKYuib.s 			page 3


  68              		@ sp needed
  69 0028 5DF804EB 		ldr	lr, [sp], #4
  70              	.LCFI3:
  71              		.cfi_restore 14
  72              		.cfi_def_cfa_offset 0
  45:Src/dma.c     ****   HAL_NVIC_EnableIRQ(DMA2_Stream0_IRQn);
  73              		.loc 1 45 0
  74 002c FFF7FEBF 		b	HAL_NVIC_EnableIRQ
  75              	.LVL1:
  76              	.L5:
  77              		.align	2
  78              	.L4:
  79 0030 00380240 		.word	1073887232
  80              		.cfi_endproc
  81              	.LFE130:
  83              		.text
  84              	.Letext0:
  85              		.file 2 "/usr/arm-none-eabi/include/machine/_default_types.h"
  86              		.file 3 "/usr/arm-none-eabi/include/sys/_stdint.h"
  87              		.file 4 "Drivers/CMSIS/Include/core_cm4.h"
  88              		.file 5 "Drivers/CMSIS/Device/ST/STM32F4xx/Include/system_stm32f4xx.h"
  89              		.file 6 "Drivers/CMSIS/Device/ST/STM32F4xx/Include/stm32f413xx.h"
  90              		.file 7 "Drivers/STM32F4xx_HAL_Driver/Inc/stm32f4xx_hal_cortex.h"
ARM GAS  /tmp/ccIKYuib.s 			page 4


DEFINED SYMBOLS
                            *ABS*:0000000000000000 dma.c
     /tmp/ccIKYuib.s:18     .text.MX_DMA_Init:0000000000000000 $t
     /tmp/ccIKYuib.s:26     .text.MX_DMA_Init:0000000000000000 MX_DMA_Init
     /tmp/ccIKYuib.s:79     .text.MX_DMA_Init:0000000000000030 $d

UNDEFINED SYMBOLS
HAL_NVIC_SetPriority
HAL_NVIC_EnableIRQ
