ARM GAS  /tmp/ccJMHgqf.s 			page 1


   1              		.cpu cortex-m4
   2              		.eabi_attribute 27, 1
   3              		.eabi_attribute 28, 1
   4              		.eabi_attribute 20, 1
   5              		.eabi_attribute 21, 1
   6              		.eabi_attribute 23, 3
   7              		.eabi_attribute 24, 1
   8              		.eabi_attribute 25, 1
   9              		.eabi_attribute 26, 1
  10              		.eabi_attribute 30, 2
  11              		.eabi_attribute 34, 1
  12              		.eabi_attribute 18, 4
  13              		.file	"interrupt.c"
  14              		.text
  15              	.Ltext0:
  16              		.cfi_sections	.debug_frame
  17              		.global	__aeabi_i2d
  18              		.global	__aeabi_ddiv
  19              		.global	__aeabi_d2f
  20              		.section	.text.interrupt_TIM6,"ax",%progbits
  21              		.align	1
  22              		.p2align 2,,3
  23              		.global	interrupt_TIM6
  24              		.syntax unified
  25              		.thumb
  26              		.thumb_func
  27              		.fpu fpv4-sp-d16
  29              	interrupt_TIM6:
  30              	.LFB0:
  31              		.file 1 "Src/hardware/interrupt.c"
   1:Src/hardware/interrupt.c **** #include "hardware/global.h"
   2:Src/hardware/interrupt.c **** #include "hardware/parameters.h"
   3:Src/hardware/interrupt.c **** #include "software/state.h"
   4:Src/hardware/interrupt.c **** 
   5:Src/hardware/interrupt.c **** void interrupt_TIM6() {
  32              		.loc 1 5 0
  33              		.cfi_startproc
  34              		@ args = 0, pretend = 0, frame = 0
  35              		@ frame_needed = 0, uses_anonymous_args = 0
  36 0000 38B5     		push	{r3, r4, r5, lr}
  37              	.LCFI0:
  38              		.cfi_def_cfa_offset 16
  39              		.cfi_offset 3, -16
  40              		.cfi_offset 4, -12
  41              		.cfi_offset 5, -8
  42              		.cfi_offset 14, -4
   6:Src/hardware/interrupt.c ****     real_state.ang_vel[0] =
   7:Src/hardware/interrupt.c ****         (float)(get_ang_vel(0) / 16.384) - offset_ang_vel[0];
  43              		.loc 1 7 0
  44 0002 0020     		movs	r0, #0
   5:Src/hardware/interrupt.c ****     real_state.ang_vel[0] =
  45              		.loc 1 5 0
  46 0004 2DED028B 		vpush.64	{d8}
  47              	.LCFI1:
  48              		.cfi_def_cfa_offset 24
  49              		.cfi_offset 80, -24
  50              		.cfi_offset 81, -20
ARM GAS  /tmp/ccJMHgqf.s 			page 2


  51              		.loc 1 7 0
  52 0008 FFF7FEFF 		bl	get_ang_vel
  53              	.LVL0:
  54 000c FFF7FEFF 		bl	__aeabi_i2d
  55              	.LVL1:
  56 0010 1DA3     		adr	r3, .L4
  57 0012 D3E90023 		ldrd	r2, [r3]
  58 0016 FFF7FEFF 		bl	__aeabi_ddiv
  59              	.LVL2:
  60 001a FFF7FEFF 		bl	__aeabi_d2f
  61              	.LVL3:
  62 001e 1C4D     		ldr	r5, .L4+8
   6:Src/hardware/interrupt.c ****     real_state.ang_vel[0] =
  63              		.loc 1 6 0
  64 0020 1C4C     		ldr	r4, .L4+12
  65              		.loc 1 7 0
  66 0022 95ED008A 		vldr.32	s16, [r5]
  67 0026 07EE900A 		vmov	s15, r0
  68 002a 77EEC87A 		vsub.f32	s15, s15, s16
   8:Src/hardware/interrupt.c ****     real_state.ang_vel[1] =
   9:Src/hardware/interrupt.c ****         (float)(get_ang_vel(1) / 16.384) - offset_ang_vel[1];
  69              		.loc 1 9 0
  70 002e 0120     		movs	r0, #1
   6:Src/hardware/interrupt.c ****         (float)(get_ang_vel(0) / 16.384) - offset_ang_vel[0];
  71              		.loc 1 6 0
  72 0030 C4ED097A 		vstr.32	s15, [r4, #36]
  73              		.loc 1 9 0
  74 0034 FFF7FEFF 		bl	get_ang_vel
  75              	.LVL4:
  76 0038 FFF7FEFF 		bl	__aeabi_i2d
  77              	.LVL5:
  78 003c 12A3     		adr	r3, .L4
  79 003e D3E90023 		ldrd	r2, [r3]
  80 0042 FFF7FEFF 		bl	__aeabi_ddiv
  81              	.LVL6:
  82 0046 FFF7FEFF 		bl	__aeabi_d2f
  83              	.LVL7:
  84 004a D5ED017A 		vldr.32	s15, [r5, #4]
  85 004e 07EE100A 		vmov	s14, r0
  86 0052 77EE677A 		vsub.f32	s15, s14, s15
  10:Src/hardware/interrupt.c ****     real_state.ang_vel[2] =
  11:Src/hardware/interrupt.c ****         (float)(get_ang_vel(2) / 16.384) - offset_ang_vel[2];
  87              		.loc 1 11 0
  88 0056 0220     		movs	r0, #2
   8:Src/hardware/interrupt.c ****         (float)(get_ang_vel(1) / 16.384) - offset_ang_vel[1];
  89              		.loc 1 8 0
  90 0058 C4ED0A7A 		vstr.32	s15, [r4, #40]
  91              		.loc 1 11 0
  92 005c FFF7FEFF 		bl	get_ang_vel
  93              	.LVL8:
  94 0060 FFF7FEFF 		bl	__aeabi_i2d
  95              	.LVL9:
  96 0064 08A3     		adr	r3, .L4
  97 0066 D3E90023 		ldrd	r2, [r3]
  98 006a FFF7FEFF 		bl	__aeabi_ddiv
  99              	.LVL10:
 100 006e FFF7FEFF 		bl	__aeabi_d2f
ARM GAS  /tmp/ccJMHgqf.s 			page 3


 101              	.LVL11:
  12:Src/hardware/interrupt.c **** }...
 102              		.loc 1 12 0
 103 0072 BDEC028B 		vldm	sp!, {d8}
 104              	.LCFI2:
 105              		.cfi_restore 80
 106              		.cfi_restore 81
 107              		.cfi_def_cfa_offset 16
  11:Src/hardware/interrupt.c ****         (float)(get_ang_vel(2) / 16.384) - offset_ang_vel[2];
 108              		.loc 1 11 0
 109 0076 D5ED027A 		vldr.32	s15, [r5, #8]
 110 007a 07EE100A 		vmov	s14, r0
 111 007e 77EE677A 		vsub.f32	s15, s14, s15
  10:Src/hardware/interrupt.c ****     real_state.ang_vel[2] =
 112              		.loc 1 10 0
 113 0082 C4ED0B7A 		vstr.32	s15, [r4, #44]
 114              		.loc 1 12 0
 115 0086 38BD     		pop	{r3, r4, r5, pc}
 116              	.L5:
 117              		.align	3
 118              	.L4:
 119 0088 FCA9F1D2 		.word	3539053052
 120 008c 4D623040 		.word	1076912717
 121 0090 00000000 		.word	offset_ang_vel
 122 0094 00000000 		.word	real_state
 123              		.cfi_endproc
 124              	.LFE0:
 126              		.text
 127              	.Letext0:
 128              		.file 2 "/usr/arm-none-eabi/include/machine/_default_types.h"
 129              		.file 3 "/usr/arm-none-eabi/include/sys/_stdint.h"
 130              		.file 4 "Inc/hardware/parameters.h"
 131              		.file 5 "Inc/hardware/global.h"
 132              		.file 6 "Inc/software/state.h"
ARM GAS  /tmp/ccJMHgqf.s 			page 4


DEFINED SYMBOLS
                            *ABS*:0000000000000000 interrupt.c
     /tmp/ccJMHgqf.s:21     .text.interrupt_TIM6:0000000000000000 $t
     /tmp/ccJMHgqf.s:29     .text.interrupt_TIM6:0000000000000000 interrupt_TIM6
     /tmp/ccJMHgqf.s:119    .text.interrupt_TIM6:0000000000000088 $d

UNDEFINED SYMBOLS
__aeabi_i2d
__aeabi_ddiv
__aeabi_d2f
get_ang_vel
offset_ang_vel
real_state
