ARM GAS  /tmp/ccssBP8O.s 			page 1


   1              		.cpu cortex-m4
   2              		.eabi_attribute 27, 1
   3              		.eabi_attribute 28, 1
   4              		.eabi_attribute 20, 1
   5              		.eabi_attribute 21, 1
   6              		.eabi_attribute 23, 3
   7              		.eabi_attribute 24, 1
   8              		.eabi_attribute 25, 1
   9              		.eabi_attribute 26, 1
  10              		.eabi_attribute 30, 2
  11              		.eabi_attribute 34, 1
  12              		.eabi_attribute 18, 4
  13              		.file	"state.c"
  14              		.text
  15              	.Ltext0:
  16              		.cfi_sections	.debug_frame
  17              		.comm	enc_deg,8,4
  18              		.comm	V_Batt,4,4
  19              		.comm	IR_sen,16,4
  20              		.comm	IR_sen_raw,8,4
  21              		.comm	RESETState,72,4
  22              		.comm	real_state,72,4
  23              		.comm	ideal_state,72,4
  24              	.Letext0:
  25              		.file 1 "/usr/arm-none-eabi/include/machine/_default_types.h"
  26              		.file 2 "/usr/arm-none-eabi/include/sys/_stdint.h"
  27              		.file 3 "Inc/software/state.h"
  28              		.file 4 "Src/software/state.c"
ARM GAS  /tmp/ccssBP8O.s 			page 2


DEFINED SYMBOLS
                            *ABS*:0000000000000000 state.c
                            *COM*:0000000000000008 enc_deg
                            *COM*:0000000000000004 V_Batt
                            *COM*:0000000000000010 IR_sen
                            *COM*:0000000000000008 IR_sen_raw
                            *COM*:0000000000000048 RESETState
                            *COM*:0000000000000048 real_state
                            *COM*:0000000000000048 ideal_state

NO UNDEFINED SYMBOLS
