ARM GAS  /tmp/ccGcFGGK.s 			page 1


   1              		.cpu cortex-m4
   2              		.eabi_attribute 27, 1
   3              		.eabi_attribute 28, 1
   4              		.eabi_attribute 20, 1
   5              		.eabi_attribute 21, 1
   6              		.eabi_attribute 23, 3
   7              		.eabi_attribute 24, 1
   8              		.eabi_attribute 25, 1
   9              		.eabi_attribute 26, 1
  10              		.eabi_attribute 30, 2
  11              		.eabi_attribute 34, 1
  12              		.eabi_attribute 18, 4
  13              		.file	"stm32f4xx_hal_pwr.c"
  14              		.text
  15              	.Ltext0:
  16              		.cfi_sections	.debug_frame
  17              		.section	.text.HAL_PWR_DeInit,"ax",%progbits
  18              		.align	1
  19              		.p2align 2,,3
  20              		.global	HAL_PWR_DeInit
  21              		.syntax unified
  22              		.thumb
  23              		.thumb_func
  24              		.fpu fpv4-sp-d16
  26              	HAL_PWR_DeInit:
  27              	.LFB130:
  28              		.file 1 "Drivers/STM32F4xx_HAL_Driver/Src/stm32f4xx_hal_pwr.c"
   1:Drivers/STM32F4xx_HAL_Driver/Src/stm32f4xx_hal_pwr.c **** /**
   2:Drivers/STM32F4xx_HAL_Driver/Src/stm32f4xx_hal_pwr.c ****   ******************************************************************************
   3:Drivers/STM32F4xx_HAL_Driver/Src/stm32f4xx_hal_pwr.c ****   * @file    stm32f4xx_hal_pwr.c
   4:Drivers/STM32F4xx_HAL_Driver/Src/stm32f4xx_hal_pwr.c ****   * @author  MCD Application Team
   5:Drivers/STM32F4xx_HAL_Driver/Src/stm32f4xx_hal_pwr.c ****   * @brief   PWR HAL module driver.
   6:Drivers/STM32F4xx_HAL_Driver/Src/stm32f4xx_hal_pwr.c ****   *          This file provides firmware functions to manage the following 
   7:Drivers/STM32F4xx_HAL_Driver/Src/stm32f4xx_hal_pwr.c ****   *          functionalities of the Power Controller (PWR) peripheral:
   8:Drivers/STM32F4xx_HAL_Driver/Src/stm32f4xx_hal_pwr.c ****   *           + Initialization and de-initialization functions
   9:Drivers/STM32F4xx_HAL_Driver/Src/stm32f4xx_hal_pwr.c ****   *           + Peripheral Control functions 
  10:Drivers/STM32F4xx_HAL_Driver/Src/stm32f4xx_hal_pwr.c ****   *         
  11:Drivers/STM32F4xx_HAL_Driver/Src/stm32f4xx_hal_pwr.c ****   ******************************************************************************
  12:Drivers/STM32F4xx_HAL_Driver/Src/stm32f4xx_hal_pwr.c ****   * @attention
  13:Drivers/STM32F4xx_HAL_Driver/Src/stm32f4xx_hal_pwr.c ****   *
  14:Drivers/STM32F4xx_HAL_Driver/Src/stm32f4xx_hal_pwr.c ****   * <h2><center>&copy; Copyright (c) 2017 STMicroelectronics.
  15:Drivers/STM32F4xx_HAL_Driver/Src/stm32f4xx_hal_pwr.c ****   * All rights reserved.</center></h2>
  16:Drivers/STM32F4xx_HAL_Driver/Src/stm32f4xx_hal_pwr.c ****   *
  17:Drivers/STM32F4xx_HAL_Driver/Src/stm32f4xx_hal_pwr.c ****   * This software component is licensed by ST under BSD 3-Clause license,
  18:Drivers/STM32F4xx_HAL_Driver/Src/stm32f4xx_hal_pwr.c ****   * the "License"; You may not use this file except in compliance with the
  19:Drivers/STM32F4xx_HAL_Driver/Src/stm32f4xx_hal_pwr.c ****   * License. You may obtain a copy of the License at:
  20:Drivers/STM32F4xx_HAL_Driver/Src/stm32f4xx_hal_pwr.c ****   *                        opensource.org/licenses/BSD-3-Clause
  21:Drivers/STM32F4xx_HAL_Driver/Src/stm32f4xx_hal_pwr.c ****   *
  22:Drivers/STM32F4xx_HAL_Driver/Src/stm32f4xx_hal_pwr.c ****   ******************************************************************************
  23:Drivers/STM32F4xx_HAL_Driver/Src/stm32f4xx_hal_pwr.c ****   */ 
  24:Drivers/STM32F4xx_HAL_Driver/Src/stm32f4xx_hal_pwr.c **** 
  25:Drivers/STM32F4xx_HAL_Driver/Src/stm32f4xx_hal_pwr.c **** /* Includes ------------------------------------------------------------------*/
  26:Drivers/STM32F4xx_HAL_Driver/Src/stm32f4xx_hal_pwr.c **** #include "stm32f4xx_hal.h"
  27:Drivers/STM32F4xx_HAL_Driver/Src/stm32f4xx_hal_pwr.c **** 
  28:Drivers/STM32F4xx_HAL_Driver/Src/stm32f4xx_hal_pwr.c **** /** @addtogroup STM32F4xx_HAL_Driver
  29:Drivers/STM32F4xx_HAL_Driver/Src/stm32f4xx_hal_pwr.c ****   * @{
  30:Drivers/STM32F4xx_HAL_Driver/Src/stm32f4xx_hal_pwr.c ****   */
ARM GAS  /tmp/ccGcFGGK.s 			page 2


  31:Drivers/STM32F4xx_HAL_Driver/Src/stm32f4xx_hal_pwr.c **** 
  32:Drivers/STM32F4xx_HAL_Driver/Src/stm32f4xx_hal_pwr.c **** /** @defgroup PWR PWR
  33:Drivers/STM32F4xx_HAL_Driver/Src/stm32f4xx_hal_pwr.c ****   * @brief PWR HAL module driver
  34:Drivers/STM32F4xx_HAL_Driver/Src/stm32f4xx_hal_pwr.c ****   * @{
  35:Drivers/STM32F4xx_HAL_Driver/Src/stm32f4xx_hal_pwr.c ****   */
  36:Drivers/STM32F4xx_HAL_Driver/Src/stm32f4xx_hal_pwr.c **** 
  37:Drivers/STM32F4xx_HAL_Driver/Src/stm32f4xx_hal_pwr.c **** #ifdef HAL_PWR_MODULE_ENABLED
  38:Drivers/STM32F4xx_HAL_Driver/Src/stm32f4xx_hal_pwr.c **** 
  39:Drivers/STM32F4xx_HAL_Driver/Src/stm32f4xx_hal_pwr.c **** /* Private typedef -----------------------------------------------------------*/
  40:Drivers/STM32F4xx_HAL_Driver/Src/stm32f4xx_hal_pwr.c **** /* Private define ------------------------------------------------------------*/
  41:Drivers/STM32F4xx_HAL_Driver/Src/stm32f4xx_hal_pwr.c **** /** @addtogroup PWR_Private_Constants
  42:Drivers/STM32F4xx_HAL_Driver/Src/stm32f4xx_hal_pwr.c ****   * @{
  43:Drivers/STM32F4xx_HAL_Driver/Src/stm32f4xx_hal_pwr.c ****   */
  44:Drivers/STM32F4xx_HAL_Driver/Src/stm32f4xx_hal_pwr.c ****   
  45:Drivers/STM32F4xx_HAL_Driver/Src/stm32f4xx_hal_pwr.c **** /** @defgroup PWR_PVD_Mode_Mask PWR PVD Mode Mask
  46:Drivers/STM32F4xx_HAL_Driver/Src/stm32f4xx_hal_pwr.c ****   * @{
  47:Drivers/STM32F4xx_HAL_Driver/Src/stm32f4xx_hal_pwr.c ****   */     
  48:Drivers/STM32F4xx_HAL_Driver/Src/stm32f4xx_hal_pwr.c **** #define PVD_MODE_IT               0x00010000U
  49:Drivers/STM32F4xx_HAL_Driver/Src/stm32f4xx_hal_pwr.c **** #define PVD_MODE_EVT              0x00020000U
  50:Drivers/STM32F4xx_HAL_Driver/Src/stm32f4xx_hal_pwr.c **** #define PVD_RISING_EDGE           0x00000001U
  51:Drivers/STM32F4xx_HAL_Driver/Src/stm32f4xx_hal_pwr.c **** #define PVD_FALLING_EDGE          0x00000002U
  52:Drivers/STM32F4xx_HAL_Driver/Src/stm32f4xx_hal_pwr.c **** /**
  53:Drivers/STM32F4xx_HAL_Driver/Src/stm32f4xx_hal_pwr.c ****   * @}
  54:Drivers/STM32F4xx_HAL_Driver/Src/stm32f4xx_hal_pwr.c ****   */
  55:Drivers/STM32F4xx_HAL_Driver/Src/stm32f4xx_hal_pwr.c **** 
  56:Drivers/STM32F4xx_HAL_Driver/Src/stm32f4xx_hal_pwr.c **** /**
  57:Drivers/STM32F4xx_HAL_Driver/Src/stm32f4xx_hal_pwr.c ****   * @}
  58:Drivers/STM32F4xx_HAL_Driver/Src/stm32f4xx_hal_pwr.c ****   */    
  59:Drivers/STM32F4xx_HAL_Driver/Src/stm32f4xx_hal_pwr.c **** /* Private macro -------------------------------------------------------------*/
  60:Drivers/STM32F4xx_HAL_Driver/Src/stm32f4xx_hal_pwr.c **** /* Private variables ---------------------------------------------------------*/
  61:Drivers/STM32F4xx_HAL_Driver/Src/stm32f4xx_hal_pwr.c **** /* Private function prototypes -----------------------------------------------*/
  62:Drivers/STM32F4xx_HAL_Driver/Src/stm32f4xx_hal_pwr.c **** /* Private functions ---------------------------------------------------------*/
  63:Drivers/STM32F4xx_HAL_Driver/Src/stm32f4xx_hal_pwr.c **** 
  64:Drivers/STM32F4xx_HAL_Driver/Src/stm32f4xx_hal_pwr.c **** /** @defgroup PWR_Exported_Functions PWR Exported Functions
  65:Drivers/STM32F4xx_HAL_Driver/Src/stm32f4xx_hal_pwr.c ****   * @{
  66:Drivers/STM32F4xx_HAL_Driver/Src/stm32f4xx_hal_pwr.c ****   */
  67:Drivers/STM32F4xx_HAL_Driver/Src/stm32f4xx_hal_pwr.c **** 
  68:Drivers/STM32F4xx_HAL_Driver/Src/stm32f4xx_hal_pwr.c **** /** @defgroup PWR_Exported_Functions_Group1 Initialization and de-initialization functions 
  69:Drivers/STM32F4xx_HAL_Driver/Src/stm32f4xx_hal_pwr.c ****   *  @brief    Initialization and de-initialization functions
  70:Drivers/STM32F4xx_HAL_Driver/Src/stm32f4xx_hal_pwr.c ****   *
  71:Drivers/STM32F4xx_HAL_Driver/Src/stm32f4xx_hal_pwr.c **** @verbatim
  72:Drivers/STM32F4xx_HAL_Driver/Src/stm32f4xx_hal_pwr.c ****  ===============================================================================
  73:Drivers/STM32F4xx_HAL_Driver/Src/stm32f4xx_hal_pwr.c ****               ##### Initialization and de-initialization functions #####
  74:Drivers/STM32F4xx_HAL_Driver/Src/stm32f4xx_hal_pwr.c ****  ===============================================================================
  75:Drivers/STM32F4xx_HAL_Driver/Src/stm32f4xx_hal_pwr.c ****     [..]
  76:Drivers/STM32F4xx_HAL_Driver/Src/stm32f4xx_hal_pwr.c ****       After reset, the backup domain (RTC registers, RTC backup data 
  77:Drivers/STM32F4xx_HAL_Driver/Src/stm32f4xx_hal_pwr.c ****       registers and backup SRAM) is protected against possible unwanted 
  78:Drivers/STM32F4xx_HAL_Driver/Src/stm32f4xx_hal_pwr.c ****       write accesses. 
  79:Drivers/STM32F4xx_HAL_Driver/Src/stm32f4xx_hal_pwr.c ****       To enable access to the RTC Domain and RTC registers, proceed as follows:
  80:Drivers/STM32F4xx_HAL_Driver/Src/stm32f4xx_hal_pwr.c ****         (+) Enable the Power Controller (PWR) APB1 interface clock using the
  81:Drivers/STM32F4xx_HAL_Driver/Src/stm32f4xx_hal_pwr.c ****             __HAL_RCC_PWR_CLK_ENABLE() macro.
  82:Drivers/STM32F4xx_HAL_Driver/Src/stm32f4xx_hal_pwr.c ****         (+) Enable access to RTC domain using the HAL_PWR_EnableBkUpAccess() function.
  83:Drivers/STM32F4xx_HAL_Driver/Src/stm32f4xx_hal_pwr.c ****  
  84:Drivers/STM32F4xx_HAL_Driver/Src/stm32f4xx_hal_pwr.c **** @endverbatim
  85:Drivers/STM32F4xx_HAL_Driver/Src/stm32f4xx_hal_pwr.c ****   * @{
  86:Drivers/STM32F4xx_HAL_Driver/Src/stm32f4xx_hal_pwr.c ****   */
  87:Drivers/STM32F4xx_HAL_Driver/Src/stm32f4xx_hal_pwr.c **** 
ARM GAS  /tmp/ccGcFGGK.s 			page 3


  88:Drivers/STM32F4xx_HAL_Driver/Src/stm32f4xx_hal_pwr.c **** /**
  89:Drivers/STM32F4xx_HAL_Driver/Src/stm32f4xx_hal_pwr.c ****   * @brief Deinitializes the HAL PWR peripheral registers to their default reset values.
  90:Drivers/STM32F4xx_HAL_Driver/Src/stm32f4xx_hal_pwr.c ****   * @retval None
  91:Drivers/STM32F4xx_HAL_Driver/Src/stm32f4xx_hal_pwr.c ****   */
  92:Drivers/STM32F4xx_HAL_Driver/Src/stm32f4xx_hal_pwr.c **** void HAL_PWR_DeInit(void)
  93:Drivers/STM32F4xx_HAL_Driver/Src/stm32f4xx_hal_pwr.c **** {
  29              		.loc 1 93 0
  30              		.cfi_startproc
  31              		@ args = 0, pretend = 0, frame = 0
  32              		@ frame_needed = 0, uses_anonymous_args = 0
  33              		@ link register save eliminated.
  94:Drivers/STM32F4xx_HAL_Driver/Src/stm32f4xx_hal_pwr.c ****   __HAL_RCC_PWR_FORCE_RESET();
  34              		.loc 1 94 0
  35 0000 044B     		ldr	r3, .L3
  36 0002 1A6A     		ldr	r2, [r3, #32]
  37 0004 42F08052 		orr	r2, r2, #268435456
  38 0008 1A62     		str	r2, [r3, #32]
  95:Drivers/STM32F4xx_HAL_Driver/Src/stm32f4xx_hal_pwr.c ****   __HAL_RCC_PWR_RELEASE_RESET();
  39              		.loc 1 95 0
  40 000a 1A6A     		ldr	r2, [r3, #32]
  41 000c 22F08052 		bic	r2, r2, #268435456
  42 0010 1A62     		str	r2, [r3, #32]
  96:Drivers/STM32F4xx_HAL_Driver/Src/stm32f4xx_hal_pwr.c **** }
  43              		.loc 1 96 0
  44 0012 7047     		bx	lr
  45              	.L4:
  46              		.align	2
  47              	.L3:
  48 0014 00380240 		.word	1073887232
  49              		.cfi_endproc
  50              	.LFE130:
  52              		.section	.text.HAL_PWR_EnableBkUpAccess,"ax",%progbits
  53              		.align	1
  54              		.p2align 2,,3
  55              		.global	HAL_PWR_EnableBkUpAccess
  56              		.syntax unified
  57              		.thumb
  58              		.thumb_func
  59              		.fpu fpv4-sp-d16
  61              	HAL_PWR_EnableBkUpAccess:
  62              	.LFB131:
  97:Drivers/STM32F4xx_HAL_Driver/Src/stm32f4xx_hal_pwr.c **** 
  98:Drivers/STM32F4xx_HAL_Driver/Src/stm32f4xx_hal_pwr.c **** /**
  99:Drivers/STM32F4xx_HAL_Driver/Src/stm32f4xx_hal_pwr.c ****   * @brief Enables access to the backup domain (RTC registers, RTC 
 100:Drivers/STM32F4xx_HAL_Driver/Src/stm32f4xx_hal_pwr.c ****   *         backup data registers and backup SRAM).
 101:Drivers/STM32F4xx_HAL_Driver/Src/stm32f4xx_hal_pwr.c ****   * @note If the HSE divided by 2, 3, ..31 is used as the RTC clock, the 
 102:Drivers/STM32F4xx_HAL_Driver/Src/stm32f4xx_hal_pwr.c ****   *         Backup Domain Access should be kept enabled.
 103:Drivers/STM32F4xx_HAL_Driver/Src/stm32f4xx_hal_pwr.c ****   * @retval None
 104:Drivers/STM32F4xx_HAL_Driver/Src/stm32f4xx_hal_pwr.c ****   */
 105:Drivers/STM32F4xx_HAL_Driver/Src/stm32f4xx_hal_pwr.c **** void HAL_PWR_EnableBkUpAccess(void)
 106:Drivers/STM32F4xx_HAL_Driver/Src/stm32f4xx_hal_pwr.c **** {
  63              		.loc 1 106 0
  64              		.cfi_startproc
  65              		@ args = 0, pretend = 0, frame = 0
  66              		@ frame_needed = 0, uses_anonymous_args = 0
  67              		@ link register save eliminated.
 107:Drivers/STM32F4xx_HAL_Driver/Src/stm32f4xx_hal_pwr.c ****   *(__IO uint32_t *) CR_DBP_BB = (uint32_t)ENABLE;
ARM GAS  /tmp/ccGcFGGK.s 			page 4


  68              		.loc 1 107 0
  69 0000 014B     		ldr	r3, .L6
  70 0002 0122     		movs	r2, #1
  71 0004 1A60     		str	r2, [r3]
 108:Drivers/STM32F4xx_HAL_Driver/Src/stm32f4xx_hal_pwr.c **** }
  72              		.loc 1 108 0
  73 0006 7047     		bx	lr
  74              	.L7:
  75              		.align	2
  76              	.L6:
  77 0008 20000E42 		.word	1108213792
  78              		.cfi_endproc
  79              	.LFE131:
  81              		.section	.text.HAL_PWR_DisableBkUpAccess,"ax",%progbits
  82              		.align	1
  83              		.p2align 2,,3
  84              		.global	HAL_PWR_DisableBkUpAccess
  85              		.syntax unified
  86              		.thumb
  87              		.thumb_func
  88              		.fpu fpv4-sp-d16
  90              	HAL_PWR_DisableBkUpAccess:
  91              	.LFB132:
 109:Drivers/STM32F4xx_HAL_Driver/Src/stm32f4xx_hal_pwr.c **** 
 110:Drivers/STM32F4xx_HAL_Driver/Src/stm32f4xx_hal_pwr.c **** /**
 111:Drivers/STM32F4xx_HAL_Driver/Src/stm32f4xx_hal_pwr.c ****   * @brief Disables access to the backup domain (RTC registers, RTC 
 112:Drivers/STM32F4xx_HAL_Driver/Src/stm32f4xx_hal_pwr.c ****   *         backup data registers and backup SRAM).
 113:Drivers/STM32F4xx_HAL_Driver/Src/stm32f4xx_hal_pwr.c ****   * @note If the HSE divided by 2, 3, ..31 is used as the RTC clock, the 
 114:Drivers/STM32F4xx_HAL_Driver/Src/stm32f4xx_hal_pwr.c ****   *         Backup Domain Access should be kept enabled.
 115:Drivers/STM32F4xx_HAL_Driver/Src/stm32f4xx_hal_pwr.c ****   * @retval None
 116:Drivers/STM32F4xx_HAL_Driver/Src/stm32f4xx_hal_pwr.c ****   */
 117:Drivers/STM32F4xx_HAL_Driver/Src/stm32f4xx_hal_pwr.c **** void HAL_PWR_DisableBkUpAccess(void)
 118:Drivers/STM32F4xx_HAL_Driver/Src/stm32f4xx_hal_pwr.c **** {
  92              		.loc 1 118 0
  93              		.cfi_startproc
  94              		@ args = 0, pretend = 0, frame = 0
  95              		@ frame_needed = 0, uses_anonymous_args = 0
  96              		@ link register save eliminated.
 119:Drivers/STM32F4xx_HAL_Driver/Src/stm32f4xx_hal_pwr.c ****   *(__IO uint32_t *) CR_DBP_BB = (uint32_t)DISABLE;
  97              		.loc 1 119 0
  98 0000 014B     		ldr	r3, .L9
  99 0002 0022     		movs	r2, #0
 100 0004 1A60     		str	r2, [r3]
 120:Drivers/STM32F4xx_HAL_Driver/Src/stm32f4xx_hal_pwr.c **** }
 101              		.loc 1 120 0
 102 0006 7047     		bx	lr
 103              	.L10:
 104              		.align	2
 105              	.L9:
 106 0008 20000E42 		.word	1108213792
 107              		.cfi_endproc
 108              	.LFE132:
 110              		.section	.text.HAL_PWR_ConfigPVD,"ax",%progbits
 111              		.align	1
 112              		.p2align 2,,3
 113              		.global	HAL_PWR_ConfigPVD
 114              		.syntax unified
ARM GAS  /tmp/ccGcFGGK.s 			page 5


 115              		.thumb
 116              		.thumb_func
 117              		.fpu fpv4-sp-d16
 119              	HAL_PWR_ConfigPVD:
 120              	.LFB133:
 121:Drivers/STM32F4xx_HAL_Driver/Src/stm32f4xx_hal_pwr.c **** 
 122:Drivers/STM32F4xx_HAL_Driver/Src/stm32f4xx_hal_pwr.c **** /**
 123:Drivers/STM32F4xx_HAL_Driver/Src/stm32f4xx_hal_pwr.c ****   * @}
 124:Drivers/STM32F4xx_HAL_Driver/Src/stm32f4xx_hal_pwr.c ****   */
 125:Drivers/STM32F4xx_HAL_Driver/Src/stm32f4xx_hal_pwr.c **** 
 126:Drivers/STM32F4xx_HAL_Driver/Src/stm32f4xx_hal_pwr.c **** /** @defgroup PWR_Exported_Functions_Group2 Peripheral Control functions 
 127:Drivers/STM32F4xx_HAL_Driver/Src/stm32f4xx_hal_pwr.c ****   *  @brief Low Power modes configuration functions 
 128:Drivers/STM32F4xx_HAL_Driver/Src/stm32f4xx_hal_pwr.c ****   *
 129:Drivers/STM32F4xx_HAL_Driver/Src/stm32f4xx_hal_pwr.c **** @verbatim
 130:Drivers/STM32F4xx_HAL_Driver/Src/stm32f4xx_hal_pwr.c **** 
 131:Drivers/STM32F4xx_HAL_Driver/Src/stm32f4xx_hal_pwr.c ****  ===============================================================================
 132:Drivers/STM32F4xx_HAL_Driver/Src/stm32f4xx_hal_pwr.c ****                  ##### Peripheral Control functions #####
 133:Drivers/STM32F4xx_HAL_Driver/Src/stm32f4xx_hal_pwr.c ****  ===============================================================================
 134:Drivers/STM32F4xx_HAL_Driver/Src/stm32f4xx_hal_pwr.c ****      
 135:Drivers/STM32F4xx_HAL_Driver/Src/stm32f4xx_hal_pwr.c ****     *** PVD configuration ***
 136:Drivers/STM32F4xx_HAL_Driver/Src/stm32f4xx_hal_pwr.c ****     =========================
 137:Drivers/STM32F4xx_HAL_Driver/Src/stm32f4xx_hal_pwr.c ****     [..]
 138:Drivers/STM32F4xx_HAL_Driver/Src/stm32f4xx_hal_pwr.c ****       (+) The PVD is used to monitor the VDD power supply by comparing it to a 
 139:Drivers/STM32F4xx_HAL_Driver/Src/stm32f4xx_hal_pwr.c ****           threshold selected by the PVD Level (PLS[2:0] bits in the PWR_CR).
 140:Drivers/STM32F4xx_HAL_Driver/Src/stm32f4xx_hal_pwr.c ****       (+) A PVDO flag is available to indicate if VDD/VDDA is higher or lower 
 141:Drivers/STM32F4xx_HAL_Driver/Src/stm32f4xx_hal_pwr.c ****           than the PVD threshold. This event is internally connected to the EXTI 
 142:Drivers/STM32F4xx_HAL_Driver/Src/stm32f4xx_hal_pwr.c ****           line16 and can generate an interrupt if enabled. This is done through
 143:Drivers/STM32F4xx_HAL_Driver/Src/stm32f4xx_hal_pwr.c ****           __HAL_PWR_PVD_EXTI_ENABLE_IT() macro.
 144:Drivers/STM32F4xx_HAL_Driver/Src/stm32f4xx_hal_pwr.c ****       (+) The PVD is stopped in Standby mode.
 145:Drivers/STM32F4xx_HAL_Driver/Src/stm32f4xx_hal_pwr.c **** 
 146:Drivers/STM32F4xx_HAL_Driver/Src/stm32f4xx_hal_pwr.c ****     *** Wake-up pin configuration ***
 147:Drivers/STM32F4xx_HAL_Driver/Src/stm32f4xx_hal_pwr.c ****     ================================
 148:Drivers/STM32F4xx_HAL_Driver/Src/stm32f4xx_hal_pwr.c ****     [..]
 149:Drivers/STM32F4xx_HAL_Driver/Src/stm32f4xx_hal_pwr.c ****       (+) Wake-up pin is used to wake up the system from Standby mode. This pin is 
 150:Drivers/STM32F4xx_HAL_Driver/Src/stm32f4xx_hal_pwr.c ****           forced in input pull-down configuration and is active on rising edges.
 151:Drivers/STM32F4xx_HAL_Driver/Src/stm32f4xx_hal_pwr.c ****       (+) There is one Wake-up pin: Wake-up Pin 1 on PA.00.
 152:Drivers/STM32F4xx_HAL_Driver/Src/stm32f4xx_hal_pwr.c **** 	   (++) For STM32F446xx there are two Wake-Up pins: Pin1 on PA.00 and Pin2 on PC.13
 153:Drivers/STM32F4xx_HAL_Driver/Src/stm32f4xx_hal_pwr.c ****            (++) For STM32F410xx/STM32F412xx/STM32F413xx/STM32F423xx  there are three Wake-Up pins: 
 154:Drivers/STM32F4xx_HAL_Driver/Src/stm32f4xx_hal_pwr.c **** 
 155:Drivers/STM32F4xx_HAL_Driver/Src/stm32f4xx_hal_pwr.c ****     *** Low Power modes configuration ***
 156:Drivers/STM32F4xx_HAL_Driver/Src/stm32f4xx_hal_pwr.c ****     =====================================
 157:Drivers/STM32F4xx_HAL_Driver/Src/stm32f4xx_hal_pwr.c ****     [..]
 158:Drivers/STM32F4xx_HAL_Driver/Src/stm32f4xx_hal_pwr.c ****       The devices feature 3 low-power modes:
 159:Drivers/STM32F4xx_HAL_Driver/Src/stm32f4xx_hal_pwr.c ****       (+) Sleep mode: Cortex-M4 core stopped, peripherals kept running.
 160:Drivers/STM32F4xx_HAL_Driver/Src/stm32f4xx_hal_pwr.c ****       (+) Stop mode: all clocks are stopped, regulator running, regulator 
 161:Drivers/STM32F4xx_HAL_Driver/Src/stm32f4xx_hal_pwr.c ****           in low power mode
 162:Drivers/STM32F4xx_HAL_Driver/Src/stm32f4xx_hal_pwr.c ****       (+) Standby mode: 1.2V domain powered off.
 163:Drivers/STM32F4xx_HAL_Driver/Src/stm32f4xx_hal_pwr.c ****    
 164:Drivers/STM32F4xx_HAL_Driver/Src/stm32f4xx_hal_pwr.c ****    *** Sleep mode ***
 165:Drivers/STM32F4xx_HAL_Driver/Src/stm32f4xx_hal_pwr.c ****    ==================
 166:Drivers/STM32F4xx_HAL_Driver/Src/stm32f4xx_hal_pwr.c ****     [..]
 167:Drivers/STM32F4xx_HAL_Driver/Src/stm32f4xx_hal_pwr.c ****       (+) Entry:
 168:Drivers/STM32F4xx_HAL_Driver/Src/stm32f4xx_hal_pwr.c ****         The Sleep mode is entered by using the HAL_PWR_EnterSLEEPMode(PWR_MAINREGULATOR_ON, PWR_SLE
 169:Drivers/STM32F4xx_HAL_Driver/Src/stm32f4xx_hal_pwr.c ****               functions with
 170:Drivers/STM32F4xx_HAL_Driver/Src/stm32f4xx_hal_pwr.c ****           (++) PWR_SLEEPENTRY_WFI: enter SLEEP mode with WFI instruction
 171:Drivers/STM32F4xx_HAL_Driver/Src/stm32f4xx_hal_pwr.c ****           (++) PWR_SLEEPENTRY_WFE: enter SLEEP mode with WFE instruction
 172:Drivers/STM32F4xx_HAL_Driver/Src/stm32f4xx_hal_pwr.c ****       
ARM GAS  /tmp/ccGcFGGK.s 			page 6


 173:Drivers/STM32F4xx_HAL_Driver/Src/stm32f4xx_hal_pwr.c ****       -@@- The Regulator parameter is not used for the STM32F4 family 
 174:Drivers/STM32F4xx_HAL_Driver/Src/stm32f4xx_hal_pwr.c ****               and is kept as parameter just to maintain compatibility with the 
 175:Drivers/STM32F4xx_HAL_Driver/Src/stm32f4xx_hal_pwr.c ****               lower power families (STM32L).
 176:Drivers/STM32F4xx_HAL_Driver/Src/stm32f4xx_hal_pwr.c ****       (+) Exit:
 177:Drivers/STM32F4xx_HAL_Driver/Src/stm32f4xx_hal_pwr.c ****         Any peripheral interrupt acknowledged by the nested vectored interrupt 
 178:Drivers/STM32F4xx_HAL_Driver/Src/stm32f4xx_hal_pwr.c ****               controller (NVIC) can wake up the device from Sleep mode.
 179:Drivers/STM32F4xx_HAL_Driver/Src/stm32f4xx_hal_pwr.c **** 
 180:Drivers/STM32F4xx_HAL_Driver/Src/stm32f4xx_hal_pwr.c ****    *** Stop mode ***
 181:Drivers/STM32F4xx_HAL_Driver/Src/stm32f4xx_hal_pwr.c ****    =================
 182:Drivers/STM32F4xx_HAL_Driver/Src/stm32f4xx_hal_pwr.c ****     [..]
 183:Drivers/STM32F4xx_HAL_Driver/Src/stm32f4xx_hal_pwr.c ****       In Stop mode, all clocks in the 1.2V domain are stopped, the PLL, the HSI,
 184:Drivers/STM32F4xx_HAL_Driver/Src/stm32f4xx_hal_pwr.c ****       and the HSE RC oscillators are disabled. Internal SRAM and register contents 
 185:Drivers/STM32F4xx_HAL_Driver/Src/stm32f4xx_hal_pwr.c ****       are preserved.
 186:Drivers/STM32F4xx_HAL_Driver/Src/stm32f4xx_hal_pwr.c ****       The voltage regulator can be configured either in normal or low-power mode.
 187:Drivers/STM32F4xx_HAL_Driver/Src/stm32f4xx_hal_pwr.c ****       To minimize the consumption In Stop mode, FLASH can be powered off before 
 188:Drivers/STM32F4xx_HAL_Driver/Src/stm32f4xx_hal_pwr.c ****       entering the Stop mode using the HAL_PWREx_EnableFlashPowerDown() function.
 189:Drivers/STM32F4xx_HAL_Driver/Src/stm32f4xx_hal_pwr.c ****       It can be switched on again by software after exiting the Stop mode using
 190:Drivers/STM32F4xx_HAL_Driver/Src/stm32f4xx_hal_pwr.c ****       the HAL_PWREx_DisableFlashPowerDown() function. 
 191:Drivers/STM32F4xx_HAL_Driver/Src/stm32f4xx_hal_pwr.c **** 
 192:Drivers/STM32F4xx_HAL_Driver/Src/stm32f4xx_hal_pwr.c ****       (+) Entry:
 193:Drivers/STM32F4xx_HAL_Driver/Src/stm32f4xx_hal_pwr.c ****          The Stop mode is entered using the HAL_PWR_EnterSTOPMode(PWR_MAINREGULATOR_ON) 
 194:Drivers/STM32F4xx_HAL_Driver/Src/stm32f4xx_hal_pwr.c ****              function with:
 195:Drivers/STM32F4xx_HAL_Driver/Src/stm32f4xx_hal_pwr.c ****           (++) Main regulator ON.
 196:Drivers/STM32F4xx_HAL_Driver/Src/stm32f4xx_hal_pwr.c ****           (++) Low Power regulator ON.
 197:Drivers/STM32F4xx_HAL_Driver/Src/stm32f4xx_hal_pwr.c ****       (+) Exit:
 198:Drivers/STM32F4xx_HAL_Driver/Src/stm32f4xx_hal_pwr.c ****         Any EXTI Line (Internal or External) configured in Interrupt/Event mode.
 199:Drivers/STM32F4xx_HAL_Driver/Src/stm32f4xx_hal_pwr.c **** 
 200:Drivers/STM32F4xx_HAL_Driver/Src/stm32f4xx_hal_pwr.c ****    *** Standby mode ***
 201:Drivers/STM32F4xx_HAL_Driver/Src/stm32f4xx_hal_pwr.c ****    ====================
 202:Drivers/STM32F4xx_HAL_Driver/Src/stm32f4xx_hal_pwr.c ****     [..]
 203:Drivers/STM32F4xx_HAL_Driver/Src/stm32f4xx_hal_pwr.c ****     (+)
 204:Drivers/STM32F4xx_HAL_Driver/Src/stm32f4xx_hal_pwr.c ****       The Standby mode allows to achieve the lowest power consumption. It is based 
 205:Drivers/STM32F4xx_HAL_Driver/Src/stm32f4xx_hal_pwr.c ****       on the Cortex-M4 deep sleep mode, with the voltage regulator disabled. 
 206:Drivers/STM32F4xx_HAL_Driver/Src/stm32f4xx_hal_pwr.c ****       The 1.2V domain is consequently powered off. The PLL, the HSI oscillator and 
 207:Drivers/STM32F4xx_HAL_Driver/Src/stm32f4xx_hal_pwr.c ****       the HSE oscillator are also switched off. SRAM and register contents are lost 
 208:Drivers/STM32F4xx_HAL_Driver/Src/stm32f4xx_hal_pwr.c ****       except for the RTC registers, RTC backup registers, backup SRAM and Standby 
 209:Drivers/STM32F4xx_HAL_Driver/Src/stm32f4xx_hal_pwr.c ****       circuitry.
 210:Drivers/STM32F4xx_HAL_Driver/Src/stm32f4xx_hal_pwr.c ****    
 211:Drivers/STM32F4xx_HAL_Driver/Src/stm32f4xx_hal_pwr.c ****       The voltage regulator is OFF.
 212:Drivers/STM32F4xx_HAL_Driver/Src/stm32f4xx_hal_pwr.c ****       
 213:Drivers/STM32F4xx_HAL_Driver/Src/stm32f4xx_hal_pwr.c ****       (++) Entry:
 214:Drivers/STM32F4xx_HAL_Driver/Src/stm32f4xx_hal_pwr.c ****         (+++) The Standby mode is entered using the HAL_PWR_EnterSTANDBYMode() function.
 215:Drivers/STM32F4xx_HAL_Driver/Src/stm32f4xx_hal_pwr.c ****       (++) Exit:
 216:Drivers/STM32F4xx_HAL_Driver/Src/stm32f4xx_hal_pwr.c ****         (+++) WKUP pin rising edge, RTC alarm (Alarm A and Alarm B), RTC wake-up,
 217:Drivers/STM32F4xx_HAL_Driver/Src/stm32f4xx_hal_pwr.c ****              tamper event, time-stamp event, external reset in NRST pin, IWDG reset.
 218:Drivers/STM32F4xx_HAL_Driver/Src/stm32f4xx_hal_pwr.c **** 
 219:Drivers/STM32F4xx_HAL_Driver/Src/stm32f4xx_hal_pwr.c ****    *** Auto-wake-up (AWU) from low-power mode ***
 220:Drivers/STM32F4xx_HAL_Driver/Src/stm32f4xx_hal_pwr.c ****    =============================================
 221:Drivers/STM32F4xx_HAL_Driver/Src/stm32f4xx_hal_pwr.c ****     [..]
 222:Drivers/STM32F4xx_HAL_Driver/Src/stm32f4xx_hal_pwr.c ****     
 223:Drivers/STM32F4xx_HAL_Driver/Src/stm32f4xx_hal_pwr.c ****      (+) The MCU can be woken up from low-power mode by an RTC Alarm event, an RTC 
 224:Drivers/STM32F4xx_HAL_Driver/Src/stm32f4xx_hal_pwr.c ****       Wake-up event, a tamper event or a time-stamp event, without depending on 
 225:Drivers/STM32F4xx_HAL_Driver/Src/stm32f4xx_hal_pwr.c ****       an external interrupt (Auto-wake-up mode).
 226:Drivers/STM32F4xx_HAL_Driver/Src/stm32f4xx_hal_pwr.c **** 
 227:Drivers/STM32F4xx_HAL_Driver/Src/stm32f4xx_hal_pwr.c ****       (+) RTC auto-wake-up (AWU) from the Stop and Standby modes
 228:Drivers/STM32F4xx_HAL_Driver/Src/stm32f4xx_hal_pwr.c ****        
 229:Drivers/STM32F4xx_HAL_Driver/Src/stm32f4xx_hal_pwr.c ****         (++) To wake up from the Stop mode with an RTC alarm event, it is necessary to 
ARM GAS  /tmp/ccGcFGGK.s 			page 7


 230:Drivers/STM32F4xx_HAL_Driver/Src/stm32f4xx_hal_pwr.c ****               configure the RTC to generate the RTC alarm using the HAL_RTC_SetAlarm_IT() function.
 231:Drivers/STM32F4xx_HAL_Driver/Src/stm32f4xx_hal_pwr.c **** 
 232:Drivers/STM32F4xx_HAL_Driver/Src/stm32f4xx_hal_pwr.c ****         (++) To wake up from the Stop mode with an RTC Tamper or time stamp event, it 
 233:Drivers/STM32F4xx_HAL_Driver/Src/stm32f4xx_hal_pwr.c ****              is necessary to configure the RTC to detect the tamper or time stamp event using the
 234:Drivers/STM32F4xx_HAL_Driver/Src/stm32f4xx_hal_pwr.c ****                 HAL_RTCEx_SetTimeStamp_IT() or HAL_RTCEx_SetTamper_IT() functions.
 235:Drivers/STM32F4xx_HAL_Driver/Src/stm32f4xx_hal_pwr.c ****                   
 236:Drivers/STM32F4xx_HAL_Driver/Src/stm32f4xx_hal_pwr.c ****         (++) To wake up from the Stop mode with an RTC Wake-up event, it is necessary to
 237:Drivers/STM32F4xx_HAL_Driver/Src/stm32f4xx_hal_pwr.c ****               configure the RTC to generate the RTC Wake-up event using the HAL_RTCEx_SetWakeUpTime
 238:Drivers/STM32F4xx_HAL_Driver/Src/stm32f4xx_hal_pwr.c **** 
 239:Drivers/STM32F4xx_HAL_Driver/Src/stm32f4xx_hal_pwr.c **** @endverbatim
 240:Drivers/STM32F4xx_HAL_Driver/Src/stm32f4xx_hal_pwr.c ****   * @{
 241:Drivers/STM32F4xx_HAL_Driver/Src/stm32f4xx_hal_pwr.c ****   */
 242:Drivers/STM32F4xx_HAL_Driver/Src/stm32f4xx_hal_pwr.c **** 
 243:Drivers/STM32F4xx_HAL_Driver/Src/stm32f4xx_hal_pwr.c **** /**
 244:Drivers/STM32F4xx_HAL_Driver/Src/stm32f4xx_hal_pwr.c ****   * @brief Configures the voltage threshold detected by the Power Voltage Detector(PVD).
 245:Drivers/STM32F4xx_HAL_Driver/Src/stm32f4xx_hal_pwr.c ****   * @param sConfigPVD pointer to an PWR_PVDTypeDef structure that contains the configuration
 246:Drivers/STM32F4xx_HAL_Driver/Src/stm32f4xx_hal_pwr.c ****   *        information for the PVD.
 247:Drivers/STM32F4xx_HAL_Driver/Src/stm32f4xx_hal_pwr.c ****   * @note Refer to the electrical characteristics of your device datasheet for
 248:Drivers/STM32F4xx_HAL_Driver/Src/stm32f4xx_hal_pwr.c ****   *         more details about the voltage threshold corresponding to each 
 249:Drivers/STM32F4xx_HAL_Driver/Src/stm32f4xx_hal_pwr.c ****   *         detection level.
 250:Drivers/STM32F4xx_HAL_Driver/Src/stm32f4xx_hal_pwr.c ****   * @retval None
 251:Drivers/STM32F4xx_HAL_Driver/Src/stm32f4xx_hal_pwr.c ****   */
 252:Drivers/STM32F4xx_HAL_Driver/Src/stm32f4xx_hal_pwr.c **** void HAL_PWR_ConfigPVD(PWR_PVDTypeDef *sConfigPVD)
 253:Drivers/STM32F4xx_HAL_Driver/Src/stm32f4xx_hal_pwr.c **** {
 121              		.loc 1 253 0
 122              		.cfi_startproc
 123              		@ args = 0, pretend = 0, frame = 0
 124              		@ frame_needed = 0, uses_anonymous_args = 0
 125              		@ link register save eliminated.
 126              	.LVL0:
 254:Drivers/STM32F4xx_HAL_Driver/Src/stm32f4xx_hal_pwr.c ****   /* Check the parameters */
 255:Drivers/STM32F4xx_HAL_Driver/Src/stm32f4xx_hal_pwr.c ****   assert_param(IS_PWR_PVD_LEVEL(sConfigPVD->PVDLevel));
 256:Drivers/STM32F4xx_HAL_Driver/Src/stm32f4xx_hal_pwr.c ****   assert_param(IS_PWR_PVD_MODE(sConfigPVD->Mode));
 257:Drivers/STM32F4xx_HAL_Driver/Src/stm32f4xx_hal_pwr.c ****   
 258:Drivers/STM32F4xx_HAL_Driver/Src/stm32f4xx_hal_pwr.c ****   /* Set PLS[7:5] bits according to PVDLevel value */
 259:Drivers/STM32F4xx_HAL_Driver/Src/stm32f4xx_hal_pwr.c ****   MODIFY_REG(PWR->CR, PWR_CR_PLS, sConfigPVD->PVDLevel);
 127              		.loc 1 259 0
 128 0000 1B49     		ldr	r1, .L29
 260:Drivers/STM32F4xx_HAL_Driver/Src/stm32f4xx_hal_pwr.c ****   
 261:Drivers/STM32F4xx_HAL_Driver/Src/stm32f4xx_hal_pwr.c ****   /* Clear any previous config. Keep it clear if no event or IT mode is selected */
 262:Drivers/STM32F4xx_HAL_Driver/Src/stm32f4xx_hal_pwr.c ****   __HAL_PWR_PVD_EXTI_DISABLE_EVENT();
 129              		.loc 1 262 0
 130 0002 1C4B     		ldr	r3, .L29+4
 259:Drivers/STM32F4xx_HAL_Driver/Src/stm32f4xx_hal_pwr.c ****   
 131              		.loc 1 259 0
 132 0004 0A68     		ldr	r2, [r1]
 253:Drivers/STM32F4xx_HAL_Driver/Src/stm32f4xx_hal_pwr.c ****   /* Check the parameters */
 133              		.loc 1 253 0
 134 0006 10B4     		push	{r4}
 135              	.LCFI0:
 136              		.cfi_def_cfa_offset 4
 137              		.cfi_offset 4, -4
 259:Drivers/STM32F4xx_HAL_Driver/Src/stm32f4xx_hal_pwr.c ****   
 138              		.loc 1 259 0
 139 0008 0468     		ldr	r4, [r0]
 140 000a 22F0E002 		bic	r2, r2, #224
 141 000e 2243     		orrs	r2, r2, r4
ARM GAS  /tmp/ccGcFGGK.s 			page 8


 142 0010 0A60     		str	r2, [r1]
 143              		.loc 1 262 0
 144 0012 5A68     		ldr	r2, [r3, #4]
 145 0014 22F48032 		bic	r2, r2, #65536
 146 0018 5A60     		str	r2, [r3, #4]
 263:Drivers/STM32F4xx_HAL_Driver/Src/stm32f4xx_hal_pwr.c ****   __HAL_PWR_PVD_EXTI_DISABLE_IT();
 147              		.loc 1 263 0
 148 001a 1A68     		ldr	r2, [r3]
 149 001c 22F48032 		bic	r2, r2, #65536
 150 0020 1A60     		str	r2, [r3]
 264:Drivers/STM32F4xx_HAL_Driver/Src/stm32f4xx_hal_pwr.c ****   __HAL_PWR_PVD_EXTI_DISABLE_RISING_EDGE();
 151              		.loc 1 264 0
 152 0022 9A68     		ldr	r2, [r3, #8]
 153 0024 22F48032 		bic	r2, r2, #65536
 154 0028 9A60     		str	r2, [r3, #8]
 265:Drivers/STM32F4xx_HAL_Driver/Src/stm32f4xx_hal_pwr.c ****   __HAL_PWR_PVD_EXTI_DISABLE_FALLING_EDGE(); 
 155              		.loc 1 265 0
 156 002a DA68     		ldr	r2, [r3, #12]
 157 002c 22F48032 		bic	r2, r2, #65536
 158 0030 DA60     		str	r2, [r3, #12]
 266:Drivers/STM32F4xx_HAL_Driver/Src/stm32f4xx_hal_pwr.c **** 
 267:Drivers/STM32F4xx_HAL_Driver/Src/stm32f4xx_hal_pwr.c ****   /* Configure interrupt mode */
 268:Drivers/STM32F4xx_HAL_Driver/Src/stm32f4xx_hal_pwr.c ****   if((sConfigPVD->Mode & PVD_MODE_IT) == PVD_MODE_IT)
 159              		.loc 1 268 0
 160 0032 4268     		ldr	r2, [r0, #4]
 161 0034 D403     		lsls	r4, r2, #15
 162 0036 03D5     		bpl	.L12
 269:Drivers/STM32F4xx_HAL_Driver/Src/stm32f4xx_hal_pwr.c ****   {
 270:Drivers/STM32F4xx_HAL_Driver/Src/stm32f4xx_hal_pwr.c ****     __HAL_PWR_PVD_EXTI_ENABLE_IT();
 163              		.loc 1 270 0
 164 0038 1968     		ldr	r1, [r3]
 165 003a 41F48031 		orr	r1, r1, #65536
 166 003e 1960     		str	r1, [r3]
 167              	.L12:
 271:Drivers/STM32F4xx_HAL_Driver/Src/stm32f4xx_hal_pwr.c ****   }
 272:Drivers/STM32F4xx_HAL_Driver/Src/stm32f4xx_hal_pwr.c ****   
 273:Drivers/STM32F4xx_HAL_Driver/Src/stm32f4xx_hal_pwr.c ****   /* Configure event mode */
 274:Drivers/STM32F4xx_HAL_Driver/Src/stm32f4xx_hal_pwr.c ****   if((sConfigPVD->Mode & PVD_MODE_EVT) == PVD_MODE_EVT)
 168              		.loc 1 274 0
 169 0040 9003     		lsls	r0, r2, #14
 170              	.LVL1:
 171 0042 04D5     		bpl	.L13
 275:Drivers/STM32F4xx_HAL_Driver/Src/stm32f4xx_hal_pwr.c ****   {
 276:Drivers/STM32F4xx_HAL_Driver/Src/stm32f4xx_hal_pwr.c ****     __HAL_PWR_PVD_EXTI_ENABLE_EVENT();
 172              		.loc 1 276 0
 173 0044 0B49     		ldr	r1, .L29+4
 174 0046 4B68     		ldr	r3, [r1, #4]
 175 0048 43F48033 		orr	r3, r3, #65536
 176 004c 4B60     		str	r3, [r1, #4]
 177              	.L13:
 277:Drivers/STM32F4xx_HAL_Driver/Src/stm32f4xx_hal_pwr.c ****   }
 278:Drivers/STM32F4xx_HAL_Driver/Src/stm32f4xx_hal_pwr.c ****   
 279:Drivers/STM32F4xx_HAL_Driver/Src/stm32f4xx_hal_pwr.c ****   /* Configure the edge */
 280:Drivers/STM32F4xx_HAL_Driver/Src/stm32f4xx_hal_pwr.c ****   if((sConfigPVD->Mode & PVD_RISING_EDGE) == PVD_RISING_EDGE)
 178              		.loc 1 280 0
 179 004e D107     		lsls	r1, r2, #31
 180 0050 04D5     		bpl	.L14
ARM GAS  /tmp/ccGcFGGK.s 			page 9


 281:Drivers/STM32F4xx_HAL_Driver/Src/stm32f4xx_hal_pwr.c ****   {
 282:Drivers/STM32F4xx_HAL_Driver/Src/stm32f4xx_hal_pwr.c ****     __HAL_PWR_PVD_EXTI_ENABLE_RISING_EDGE();
 181              		.loc 1 282 0
 182 0052 0849     		ldr	r1, .L29+4
 183 0054 8B68     		ldr	r3, [r1, #8]
 184 0056 43F48033 		orr	r3, r3, #65536
 185 005a 8B60     		str	r3, [r1, #8]
 186              	.L14:
 283:Drivers/STM32F4xx_HAL_Driver/Src/stm32f4xx_hal_pwr.c ****   }
 284:Drivers/STM32F4xx_HAL_Driver/Src/stm32f4xx_hal_pwr.c ****   
 285:Drivers/STM32F4xx_HAL_Driver/Src/stm32f4xx_hal_pwr.c ****   if((sConfigPVD->Mode & PVD_FALLING_EDGE) == PVD_FALLING_EDGE)
 187              		.loc 1 285 0
 188 005c 9307     		lsls	r3, r2, #30
 189 005e 04D5     		bpl	.L11
 286:Drivers/STM32F4xx_HAL_Driver/Src/stm32f4xx_hal_pwr.c ****   {
 287:Drivers/STM32F4xx_HAL_Driver/Src/stm32f4xx_hal_pwr.c ****     __HAL_PWR_PVD_EXTI_ENABLE_FALLING_EDGE();
 190              		.loc 1 287 0
 191 0060 044A     		ldr	r2, .L29+4
 192 0062 D368     		ldr	r3, [r2, #12]
 193 0064 43F48033 		orr	r3, r3, #65536
 194 0068 D360     		str	r3, [r2, #12]
 195              	.L11:
 288:Drivers/STM32F4xx_HAL_Driver/Src/stm32f4xx_hal_pwr.c ****   }
 289:Drivers/STM32F4xx_HAL_Driver/Src/stm32f4xx_hal_pwr.c **** }
 196              		.loc 1 289 0
 197 006a 5DF8044B 		ldr	r4, [sp], #4
 198              	.LCFI1:
 199              		.cfi_restore 4
 200              		.cfi_def_cfa_offset 0
 201 006e 7047     		bx	lr
 202              	.L30:
 203              		.align	2
 204              	.L29:
 205 0070 00700040 		.word	1073770496
 206 0074 003C0140 		.word	1073822720
 207              		.cfi_endproc
 208              	.LFE133:
 210              		.section	.text.HAL_PWR_EnablePVD,"ax",%progbits
 211              		.align	1
 212              		.p2align 2,,3
 213              		.global	HAL_PWR_EnablePVD
 214              		.syntax unified
 215              		.thumb
 216              		.thumb_func
 217              		.fpu fpv4-sp-d16
 219              	HAL_PWR_EnablePVD:
 220              	.LFB134:
 290:Drivers/STM32F4xx_HAL_Driver/Src/stm32f4xx_hal_pwr.c **** 
 291:Drivers/STM32F4xx_HAL_Driver/Src/stm32f4xx_hal_pwr.c **** /**
 292:Drivers/STM32F4xx_HAL_Driver/Src/stm32f4xx_hal_pwr.c ****   * @brief Enables the Power Voltage Detector(PVD).
 293:Drivers/STM32F4xx_HAL_Driver/Src/stm32f4xx_hal_pwr.c ****   * @retval None
 294:Drivers/STM32F4xx_HAL_Driver/Src/stm32f4xx_hal_pwr.c ****   */
 295:Drivers/STM32F4xx_HAL_Driver/Src/stm32f4xx_hal_pwr.c **** void HAL_PWR_EnablePVD(void)
 296:Drivers/STM32F4xx_HAL_Driver/Src/stm32f4xx_hal_pwr.c **** {
 221              		.loc 1 296 0
 222              		.cfi_startproc
 223              		@ args = 0, pretend = 0, frame = 0
ARM GAS  /tmp/ccGcFGGK.s 			page 10


 224              		@ frame_needed = 0, uses_anonymous_args = 0
 225              		@ link register save eliminated.
 297:Drivers/STM32F4xx_HAL_Driver/Src/stm32f4xx_hal_pwr.c ****   *(__IO uint32_t *) CR_PVDE_BB = (uint32_t)ENABLE;
 226              		.loc 1 297 0
 227 0000 014B     		ldr	r3, .L32
 228 0002 0122     		movs	r2, #1
 229 0004 1A60     		str	r2, [r3]
 298:Drivers/STM32F4xx_HAL_Driver/Src/stm32f4xx_hal_pwr.c **** }
 230              		.loc 1 298 0
 231 0006 7047     		bx	lr
 232              	.L33:
 233              		.align	2
 234              	.L32:
 235 0008 10000E42 		.word	1108213776
 236              		.cfi_endproc
 237              	.LFE134:
 239              		.section	.text.HAL_PWR_DisablePVD,"ax",%progbits
 240              		.align	1
 241              		.p2align 2,,3
 242              		.global	HAL_PWR_DisablePVD
 243              		.syntax unified
 244              		.thumb
 245              		.thumb_func
 246              		.fpu fpv4-sp-d16
 248              	HAL_PWR_DisablePVD:
 249              	.LFB135:
 299:Drivers/STM32F4xx_HAL_Driver/Src/stm32f4xx_hal_pwr.c **** 
 300:Drivers/STM32F4xx_HAL_Driver/Src/stm32f4xx_hal_pwr.c **** /**
 301:Drivers/STM32F4xx_HAL_Driver/Src/stm32f4xx_hal_pwr.c ****   * @brief Disables the Power Voltage Detector(PVD).
 302:Drivers/STM32F4xx_HAL_Driver/Src/stm32f4xx_hal_pwr.c ****   * @retval None
 303:Drivers/STM32F4xx_HAL_Driver/Src/stm32f4xx_hal_pwr.c ****   */
 304:Drivers/STM32F4xx_HAL_Driver/Src/stm32f4xx_hal_pwr.c **** void HAL_PWR_DisablePVD(void)
 305:Drivers/STM32F4xx_HAL_Driver/Src/stm32f4xx_hal_pwr.c **** {
 250              		.loc 1 305 0
 251              		.cfi_startproc
 252              		@ args = 0, pretend = 0, frame = 0
 253              		@ frame_needed = 0, uses_anonymous_args = 0
 254              		@ link register save eliminated.
 306:Drivers/STM32F4xx_HAL_Driver/Src/stm32f4xx_hal_pwr.c ****   *(__IO uint32_t *) CR_PVDE_BB = (uint32_t)DISABLE;
 255              		.loc 1 306 0
 256 0000 014B     		ldr	r3, .L35
 257 0002 0022     		movs	r2, #0
 258 0004 1A60     		str	r2, [r3]
 307:Drivers/STM32F4xx_HAL_Driver/Src/stm32f4xx_hal_pwr.c **** }
 259              		.loc 1 307 0
 260 0006 7047     		bx	lr
 261              	.L36:
 262              		.align	2
 263              	.L35:
 264 0008 10000E42 		.word	1108213776
 265              		.cfi_endproc
 266              	.LFE135:
 268              		.section	.text.HAL_PWR_EnableWakeUpPin,"ax",%progbits
 269              		.align	1
 270              		.p2align 2,,3
 271              		.global	HAL_PWR_EnableWakeUpPin
 272              		.syntax unified
ARM GAS  /tmp/ccGcFGGK.s 			page 11


 273              		.thumb
 274              		.thumb_func
 275              		.fpu fpv4-sp-d16
 277              	HAL_PWR_EnableWakeUpPin:
 278              	.LFB136:
 308:Drivers/STM32F4xx_HAL_Driver/Src/stm32f4xx_hal_pwr.c **** 
 309:Drivers/STM32F4xx_HAL_Driver/Src/stm32f4xx_hal_pwr.c **** /**
 310:Drivers/STM32F4xx_HAL_Driver/Src/stm32f4xx_hal_pwr.c ****   * @brief Enables the Wake-up PINx functionality.
 311:Drivers/STM32F4xx_HAL_Driver/Src/stm32f4xx_hal_pwr.c ****   * @param WakeUpPinx Specifies the Power Wake-Up pin to enable.
 312:Drivers/STM32F4xx_HAL_Driver/Src/stm32f4xx_hal_pwr.c ****   *         This parameter can be one of the following values:
 313:Drivers/STM32F4xx_HAL_Driver/Src/stm32f4xx_hal_pwr.c ****   *           @arg PWR_WAKEUP_PIN1
 314:Drivers/STM32F4xx_HAL_Driver/Src/stm32f4xx_hal_pwr.c ****   *           @arg PWR_WAKEUP_PIN2 available only on STM32F410xx/STM32F446xx/STM32F412xx/STM32F413x
 315:Drivers/STM32F4xx_HAL_Driver/Src/stm32f4xx_hal_pwr.c ****   *           @arg PWR_WAKEUP_PIN3 available only on STM32F410xx/STM32F412xx/STM32F413xx/STM32F423x
 316:Drivers/STM32F4xx_HAL_Driver/Src/stm32f4xx_hal_pwr.c ****   * @retval None
 317:Drivers/STM32F4xx_HAL_Driver/Src/stm32f4xx_hal_pwr.c ****   */
 318:Drivers/STM32F4xx_HAL_Driver/Src/stm32f4xx_hal_pwr.c **** void HAL_PWR_EnableWakeUpPin(uint32_t WakeUpPinx)
 319:Drivers/STM32F4xx_HAL_Driver/Src/stm32f4xx_hal_pwr.c **** {
 279              		.loc 1 319 0
 280              		.cfi_startproc
 281              		@ args = 0, pretend = 0, frame = 0
 282              		@ frame_needed = 0, uses_anonymous_args = 0
 283              		@ link register save eliminated.
 284              	.LVL2:
 320:Drivers/STM32F4xx_HAL_Driver/Src/stm32f4xx_hal_pwr.c ****   /* Check the parameter */
 321:Drivers/STM32F4xx_HAL_Driver/Src/stm32f4xx_hal_pwr.c ****   assert_param(IS_PWR_WAKEUP_PIN(WakeUpPinx));
 322:Drivers/STM32F4xx_HAL_Driver/Src/stm32f4xx_hal_pwr.c **** 
 323:Drivers/STM32F4xx_HAL_Driver/Src/stm32f4xx_hal_pwr.c ****   /* Enable the wake up pin */
 324:Drivers/STM32F4xx_HAL_Driver/Src/stm32f4xx_hal_pwr.c ****   SET_BIT(PWR->CSR, WakeUpPinx);
 285              		.loc 1 324 0
 286 0000 024A     		ldr	r2, .L38
 287 0002 5368     		ldr	r3, [r2, #4]
 288 0004 1843     		orrs	r0, r0, r3
 289              	.LVL3:
 290 0006 5060     		str	r0, [r2, #4]
 325:Drivers/STM32F4xx_HAL_Driver/Src/stm32f4xx_hal_pwr.c **** }
 291              		.loc 1 325 0
 292 0008 7047     		bx	lr
 293              	.L39:
 294 000a 00BF     		.align	2
 295              	.L38:
 296 000c 00700040 		.word	1073770496
 297              		.cfi_endproc
 298              	.LFE136:
 300              		.section	.text.HAL_PWR_DisableWakeUpPin,"ax",%progbits
 301              		.align	1
 302              		.p2align 2,,3
 303              		.global	HAL_PWR_DisableWakeUpPin
 304              		.syntax unified
 305              		.thumb
 306              		.thumb_func
 307              		.fpu fpv4-sp-d16
 309              	HAL_PWR_DisableWakeUpPin:
 310              	.LFB137:
 326:Drivers/STM32F4xx_HAL_Driver/Src/stm32f4xx_hal_pwr.c **** 
 327:Drivers/STM32F4xx_HAL_Driver/Src/stm32f4xx_hal_pwr.c **** /**
 328:Drivers/STM32F4xx_HAL_Driver/Src/stm32f4xx_hal_pwr.c ****   * @brief Disables the Wake-up PINx functionality.
 329:Drivers/STM32F4xx_HAL_Driver/Src/stm32f4xx_hal_pwr.c ****   * @param WakeUpPinx Specifies the Power Wake-Up pin to disable.
ARM GAS  /tmp/ccGcFGGK.s 			page 12


 330:Drivers/STM32F4xx_HAL_Driver/Src/stm32f4xx_hal_pwr.c ****   *         This parameter can be one of the following values:
 331:Drivers/STM32F4xx_HAL_Driver/Src/stm32f4xx_hal_pwr.c ****   *           @arg PWR_WAKEUP_PIN1
 332:Drivers/STM32F4xx_HAL_Driver/Src/stm32f4xx_hal_pwr.c ****   *           @arg PWR_WAKEUP_PIN2 available only on STM32F410xx/STM32F446xx/STM32F412xx/STM32F413x
 333:Drivers/STM32F4xx_HAL_Driver/Src/stm32f4xx_hal_pwr.c ****   *           @arg PWR_WAKEUP_PIN3 available only on STM32F410xx/STM32F412xx/STM32F413xx/STM32F423x
 334:Drivers/STM32F4xx_HAL_Driver/Src/stm32f4xx_hal_pwr.c ****   * @retval None
 335:Drivers/STM32F4xx_HAL_Driver/Src/stm32f4xx_hal_pwr.c ****   */
 336:Drivers/STM32F4xx_HAL_Driver/Src/stm32f4xx_hal_pwr.c **** void HAL_PWR_DisableWakeUpPin(uint32_t WakeUpPinx)
 337:Drivers/STM32F4xx_HAL_Driver/Src/stm32f4xx_hal_pwr.c **** {
 311              		.loc 1 337 0
 312              		.cfi_startproc
 313              		@ args = 0, pretend = 0, frame = 0
 314              		@ frame_needed = 0, uses_anonymous_args = 0
 315              		@ link register save eliminated.
 316              	.LVL4:
 338:Drivers/STM32F4xx_HAL_Driver/Src/stm32f4xx_hal_pwr.c ****   /* Check the parameter */
 339:Drivers/STM32F4xx_HAL_Driver/Src/stm32f4xx_hal_pwr.c ****   assert_param(IS_PWR_WAKEUP_PIN(WakeUpPinx));  
 340:Drivers/STM32F4xx_HAL_Driver/Src/stm32f4xx_hal_pwr.c **** 
 341:Drivers/STM32F4xx_HAL_Driver/Src/stm32f4xx_hal_pwr.c ****   /* Disable the wake up pin */
 342:Drivers/STM32F4xx_HAL_Driver/Src/stm32f4xx_hal_pwr.c ****   CLEAR_BIT(PWR->CSR, WakeUpPinx);
 317              		.loc 1 342 0
 318 0000 024A     		ldr	r2, .L41
 319 0002 5368     		ldr	r3, [r2, #4]
 320 0004 23EA0000 		bic	r0, r3, r0
 321              	.LVL5:
 322 0008 5060     		str	r0, [r2, #4]
 343:Drivers/STM32F4xx_HAL_Driver/Src/stm32f4xx_hal_pwr.c **** }
 323              		.loc 1 343 0
 324 000a 7047     		bx	lr
 325              	.L42:
 326              		.align	2
 327              	.L41:
 328 000c 00700040 		.word	1073770496
 329              		.cfi_endproc
 330              	.LFE137:
 332              		.section	.text.HAL_PWR_EnterSLEEPMode,"ax",%progbits
 333              		.align	1
 334              		.p2align 2,,3
 335              		.global	HAL_PWR_EnterSLEEPMode
 336              		.syntax unified
 337              		.thumb
 338              		.thumb_func
 339              		.fpu fpv4-sp-d16
 341              	HAL_PWR_EnterSLEEPMode:
 342              	.LFB138:
 344:Drivers/STM32F4xx_HAL_Driver/Src/stm32f4xx_hal_pwr.c ****   
 345:Drivers/STM32F4xx_HAL_Driver/Src/stm32f4xx_hal_pwr.c **** /**
 346:Drivers/STM32F4xx_HAL_Driver/Src/stm32f4xx_hal_pwr.c ****   * @brief Enters Sleep mode.
 347:Drivers/STM32F4xx_HAL_Driver/Src/stm32f4xx_hal_pwr.c ****   *   
 348:Drivers/STM32F4xx_HAL_Driver/Src/stm32f4xx_hal_pwr.c ****   * @note In Sleep mode, all I/O pins keep the same state as in Run mode.
 349:Drivers/STM32F4xx_HAL_Driver/Src/stm32f4xx_hal_pwr.c ****   * 
 350:Drivers/STM32F4xx_HAL_Driver/Src/stm32f4xx_hal_pwr.c ****   * @note In Sleep mode, the systick is stopped to avoid exit from this mode with
 351:Drivers/STM32F4xx_HAL_Driver/Src/stm32f4xx_hal_pwr.c ****   *       systick interrupt when used as time base for Timeout 
 352:Drivers/STM32F4xx_HAL_Driver/Src/stm32f4xx_hal_pwr.c ****   *                
 353:Drivers/STM32F4xx_HAL_Driver/Src/stm32f4xx_hal_pwr.c ****   * @param Regulator Specifies the regulator state in SLEEP mode.
 354:Drivers/STM32F4xx_HAL_Driver/Src/stm32f4xx_hal_pwr.c ****   *            This parameter can be one of the following values:
 355:Drivers/STM32F4xx_HAL_Driver/Src/stm32f4xx_hal_pwr.c ****   *            @arg PWR_MAINREGULATOR_ON: SLEEP mode with regulator ON
 356:Drivers/STM32F4xx_HAL_Driver/Src/stm32f4xx_hal_pwr.c ****   *            @arg PWR_LOWPOWERREGULATOR_ON: SLEEP mode with low power regulator ON
ARM GAS  /tmp/ccGcFGGK.s 			page 13


 357:Drivers/STM32F4xx_HAL_Driver/Src/stm32f4xx_hal_pwr.c ****   * @note This parameter is not used for the STM32F4 family and is kept as parameter
 358:Drivers/STM32F4xx_HAL_Driver/Src/stm32f4xx_hal_pwr.c ****   *       just to maintain compatibility with the lower power families.
 359:Drivers/STM32F4xx_HAL_Driver/Src/stm32f4xx_hal_pwr.c ****   * @param SLEEPEntry Specifies if SLEEP mode in entered with WFI or WFE instruction.
 360:Drivers/STM32F4xx_HAL_Driver/Src/stm32f4xx_hal_pwr.c ****   *          This parameter can be one of the following values:
 361:Drivers/STM32F4xx_HAL_Driver/Src/stm32f4xx_hal_pwr.c ****   *            @arg PWR_SLEEPENTRY_WFI: enter SLEEP mode with WFI instruction
 362:Drivers/STM32F4xx_HAL_Driver/Src/stm32f4xx_hal_pwr.c ****   *            @arg PWR_SLEEPENTRY_WFE: enter SLEEP mode with WFE instruction
 363:Drivers/STM32F4xx_HAL_Driver/Src/stm32f4xx_hal_pwr.c ****   * @retval None
 364:Drivers/STM32F4xx_HAL_Driver/Src/stm32f4xx_hal_pwr.c ****   */
 365:Drivers/STM32F4xx_HAL_Driver/Src/stm32f4xx_hal_pwr.c **** void HAL_PWR_EnterSLEEPMode(uint32_t Regulator, uint8_t SLEEPEntry)
 366:Drivers/STM32F4xx_HAL_Driver/Src/stm32f4xx_hal_pwr.c **** {
 343              		.loc 1 366 0
 344              		.cfi_startproc
 345              		@ args = 0, pretend = 0, frame = 0
 346              		@ frame_needed = 0, uses_anonymous_args = 0
 347              		@ link register save eliminated.
 348              	.LVL6:
 367:Drivers/STM32F4xx_HAL_Driver/Src/stm32f4xx_hal_pwr.c ****   /* Check the parameters */
 368:Drivers/STM32F4xx_HAL_Driver/Src/stm32f4xx_hal_pwr.c ****   assert_param(IS_PWR_REGULATOR(Regulator));
 369:Drivers/STM32F4xx_HAL_Driver/Src/stm32f4xx_hal_pwr.c ****   assert_param(IS_PWR_SLEEP_ENTRY(SLEEPEntry));
 370:Drivers/STM32F4xx_HAL_Driver/Src/stm32f4xx_hal_pwr.c **** 
 371:Drivers/STM32F4xx_HAL_Driver/Src/stm32f4xx_hal_pwr.c ****   /* Clear SLEEPDEEP bit of Cortex System Control Register */
 372:Drivers/STM32F4xx_HAL_Driver/Src/stm32f4xx_hal_pwr.c ****   CLEAR_BIT(SCB->SCR, ((uint32_t)SCB_SCR_SLEEPDEEP_Msk));
 349              		.loc 1 372 0
 350 0000 064A     		ldr	r2, .L47
 351 0002 1369     		ldr	r3, [r2, #16]
 373:Drivers/STM32F4xx_HAL_Driver/Src/stm32f4xx_hal_pwr.c **** 
 374:Drivers/STM32F4xx_HAL_Driver/Src/stm32f4xx_hal_pwr.c ****   /* Select SLEEP mode entry -------------------------------------------------*/
 375:Drivers/STM32F4xx_HAL_Driver/Src/stm32f4xx_hal_pwr.c ****   if(SLEEPEntry == PWR_SLEEPENTRY_WFI)
 352              		.loc 1 375 0
 353 0004 0129     		cmp	r1, #1
 372:Drivers/STM32F4xx_HAL_Driver/Src/stm32f4xx_hal_pwr.c **** 
 354              		.loc 1 372 0
 355 0006 23F00403 		bic	r3, r3, #4
 356 000a 1361     		str	r3, [r2, #16]
 357              		.loc 1 375 0
 358 000c 03D0     		beq	.L46
 376:Drivers/STM32F4xx_HAL_Driver/Src/stm32f4xx_hal_pwr.c ****   {   
 377:Drivers/STM32F4xx_HAL_Driver/Src/stm32f4xx_hal_pwr.c ****     /* Request Wait For Interrupt */
 378:Drivers/STM32F4xx_HAL_Driver/Src/stm32f4xx_hal_pwr.c ****     __WFI();
 379:Drivers/STM32F4xx_HAL_Driver/Src/stm32f4xx_hal_pwr.c ****   }
 380:Drivers/STM32F4xx_HAL_Driver/Src/stm32f4xx_hal_pwr.c ****   else
 381:Drivers/STM32F4xx_HAL_Driver/Src/stm32f4xx_hal_pwr.c ****   {
 382:Drivers/STM32F4xx_HAL_Driver/Src/stm32f4xx_hal_pwr.c ****     /* Request Wait For Event */
 383:Drivers/STM32F4xx_HAL_Driver/Src/stm32f4xx_hal_pwr.c ****     __SEV();
 359              		.loc 1 383 0
 360              		.syntax unified
 361              	@ 383 "Drivers/STM32F4xx_HAL_Driver/Src/stm32f4xx_hal_pwr.c" 1
 362 000e 40BF     		sev
 363              	@ 0 "" 2
 384:Drivers/STM32F4xx_HAL_Driver/Src/stm32f4xx_hal_pwr.c ****     __WFE();
 364              		.loc 1 384 0
 365              	@ 384 "Drivers/STM32F4xx_HAL_Driver/Src/stm32f4xx_hal_pwr.c" 1
 366 0010 20BF     		wfe
 367              	@ 0 "" 2
 385:Drivers/STM32F4xx_HAL_Driver/Src/stm32f4xx_hal_pwr.c ****     __WFE();
 368              		.loc 1 385 0
 369              	@ 385 "Drivers/STM32F4xx_HAL_Driver/Src/stm32f4xx_hal_pwr.c" 1
ARM GAS  /tmp/ccGcFGGK.s 			page 14


 370 0012 20BF     		wfe
 371              	@ 0 "" 2
 386:Drivers/STM32F4xx_HAL_Driver/Src/stm32f4xx_hal_pwr.c ****   }
 387:Drivers/STM32F4xx_HAL_Driver/Src/stm32f4xx_hal_pwr.c **** }
 372              		.loc 1 387 0
 373              		.thumb
 374              		.syntax unified
 375 0014 7047     		bx	lr
 376              	.L46:
 378:Drivers/STM32F4xx_HAL_Driver/Src/stm32f4xx_hal_pwr.c ****   }
 377              		.loc 1 378 0
 378              		.syntax unified
 379              	@ 378 "Drivers/STM32F4xx_HAL_Driver/Src/stm32f4xx_hal_pwr.c" 1
 380 0016 30BF     		wfi
 381              	@ 0 "" 2
 382              		.thumb
 383              		.syntax unified
 384 0018 7047     		bx	lr
 385              	.L48:
 386 001a 00BF     		.align	2
 387              	.L47:
 388 001c 00ED00E0 		.word	-536810240
 389              		.cfi_endproc
 390              	.LFE138:
 392              		.section	.text.HAL_PWR_EnterSTOPMode,"ax",%progbits
 393              		.align	1
 394              		.p2align 2,,3
 395              		.global	HAL_PWR_EnterSTOPMode
 396              		.syntax unified
 397              		.thumb
 398              		.thumb_func
 399              		.fpu fpv4-sp-d16
 401              	HAL_PWR_EnterSTOPMode:
 402              	.LFB139:
 388:Drivers/STM32F4xx_HAL_Driver/Src/stm32f4xx_hal_pwr.c **** 
 389:Drivers/STM32F4xx_HAL_Driver/Src/stm32f4xx_hal_pwr.c **** /**
 390:Drivers/STM32F4xx_HAL_Driver/Src/stm32f4xx_hal_pwr.c ****   * @brief Enters Stop mode. 
 391:Drivers/STM32F4xx_HAL_Driver/Src/stm32f4xx_hal_pwr.c ****   * @note In Stop mode, all I/O pins keep the same state as in Run mode.
 392:Drivers/STM32F4xx_HAL_Driver/Src/stm32f4xx_hal_pwr.c ****   * @note When exiting Stop mode by issuing an interrupt or a wake-up event, 
 393:Drivers/STM32F4xx_HAL_Driver/Src/stm32f4xx_hal_pwr.c ****   *         the HSI RC oscillator is selected as system clock.
 394:Drivers/STM32F4xx_HAL_Driver/Src/stm32f4xx_hal_pwr.c ****   * @note When the voltage regulator operates in low power mode, an additional 
 395:Drivers/STM32F4xx_HAL_Driver/Src/stm32f4xx_hal_pwr.c ****   *         startup delay is incurred when waking up from Stop mode. 
 396:Drivers/STM32F4xx_HAL_Driver/Src/stm32f4xx_hal_pwr.c ****   *         By keeping the internal regulator ON during Stop mode, the consumption 
 397:Drivers/STM32F4xx_HAL_Driver/Src/stm32f4xx_hal_pwr.c ****   *         is higher although the startup time is reduced.    
 398:Drivers/STM32F4xx_HAL_Driver/Src/stm32f4xx_hal_pwr.c ****   * @param Regulator Specifies the regulator state in Stop mode.
 399:Drivers/STM32F4xx_HAL_Driver/Src/stm32f4xx_hal_pwr.c ****   *          This parameter can be one of the following values:
 400:Drivers/STM32F4xx_HAL_Driver/Src/stm32f4xx_hal_pwr.c ****   *            @arg PWR_MAINREGULATOR_ON: Stop mode with regulator ON
 401:Drivers/STM32F4xx_HAL_Driver/Src/stm32f4xx_hal_pwr.c ****   *            @arg PWR_LOWPOWERREGULATOR_ON: Stop mode with low power regulator ON
 402:Drivers/STM32F4xx_HAL_Driver/Src/stm32f4xx_hal_pwr.c ****   * @param STOPEntry Specifies if Stop mode in entered with WFI or WFE instruction.
 403:Drivers/STM32F4xx_HAL_Driver/Src/stm32f4xx_hal_pwr.c ****   *          This parameter can be one of the following values:
 404:Drivers/STM32F4xx_HAL_Driver/Src/stm32f4xx_hal_pwr.c ****   *            @arg PWR_STOPENTRY_WFI: Enter Stop mode with WFI instruction
 405:Drivers/STM32F4xx_HAL_Driver/Src/stm32f4xx_hal_pwr.c ****   *            @arg PWR_STOPENTRY_WFE: Enter Stop mode with WFE instruction
 406:Drivers/STM32F4xx_HAL_Driver/Src/stm32f4xx_hal_pwr.c ****   * @retval None
 407:Drivers/STM32F4xx_HAL_Driver/Src/stm32f4xx_hal_pwr.c ****   */
 408:Drivers/STM32F4xx_HAL_Driver/Src/stm32f4xx_hal_pwr.c **** void HAL_PWR_EnterSTOPMode(uint32_t Regulator, uint8_t STOPEntry)
 409:Drivers/STM32F4xx_HAL_Driver/Src/stm32f4xx_hal_pwr.c **** {
 403              		.loc 1 409 0
ARM GAS  /tmp/ccGcFGGK.s 			page 15


 404              		.cfi_startproc
 405              		@ args = 0, pretend = 0, frame = 0
 406              		@ frame_needed = 0, uses_anonymous_args = 0
 407              		@ link register save eliminated.
 408              	.LVL7:
 409 0000 10B4     		push	{r4}
 410              	.LCFI2:
 411              		.cfi_def_cfa_offset 4
 412              		.cfi_offset 4, -4
 410:Drivers/STM32F4xx_HAL_Driver/Src/stm32f4xx_hal_pwr.c ****   /* Check the parameters */
 411:Drivers/STM32F4xx_HAL_Driver/Src/stm32f4xx_hal_pwr.c ****   assert_param(IS_PWR_REGULATOR(Regulator));
 412:Drivers/STM32F4xx_HAL_Driver/Src/stm32f4xx_hal_pwr.c ****   assert_param(IS_PWR_STOP_ENTRY(STOPEntry));
 413:Drivers/STM32F4xx_HAL_Driver/Src/stm32f4xx_hal_pwr.c ****   
 414:Drivers/STM32F4xx_HAL_Driver/Src/stm32f4xx_hal_pwr.c ****   /* Select the regulator state in Stop mode: Set PDDS and LPDS bits according to PWR_Regulator val
 415:Drivers/STM32F4xx_HAL_Driver/Src/stm32f4xx_hal_pwr.c ****   MODIFY_REG(PWR->CR, (PWR_CR_PDDS | PWR_CR_LPDS), Regulator);
 413              		.loc 1 415 0
 414 0002 0D4C     		ldr	r4, .L54
 416:Drivers/STM32F4xx_HAL_Driver/Src/stm32f4xx_hal_pwr.c ****   
 417:Drivers/STM32F4xx_HAL_Driver/Src/stm32f4xx_hal_pwr.c ****   /* Set SLEEPDEEP bit of Cortex System Control Register */
 418:Drivers/STM32F4xx_HAL_Driver/Src/stm32f4xx_hal_pwr.c ****   SET_BIT(SCB->SCR, ((uint32_t)SCB_SCR_SLEEPDEEP_Msk));
 415              		.loc 1 418 0
 416 0004 0D4A     		ldr	r2, .L54+4
 415:Drivers/STM32F4xx_HAL_Driver/Src/stm32f4xx_hal_pwr.c ****   
 417              		.loc 1 415 0
 418 0006 2368     		ldr	r3, [r4]
 419 0008 23F00303 		bic	r3, r3, #3
 420 000c 1843     		orrs	r0, r0, r3
 421              	.LVL8:
 422 000e 2060     		str	r0, [r4]
 423              		.loc 1 418 0
 424 0010 1369     		ldr	r3, [r2, #16]
 419:Drivers/STM32F4xx_HAL_Driver/Src/stm32f4xx_hal_pwr.c ****   
 420:Drivers/STM32F4xx_HAL_Driver/Src/stm32f4xx_hal_pwr.c ****   /* Select Stop mode entry --------------------------------------------------*/
 421:Drivers/STM32F4xx_HAL_Driver/Src/stm32f4xx_hal_pwr.c ****   if(STOPEntry == PWR_STOPENTRY_WFI)
 425              		.loc 1 421 0
 426 0012 0129     		cmp	r1, #1
 418:Drivers/STM32F4xx_HAL_Driver/Src/stm32f4xx_hal_pwr.c ****   
 427              		.loc 1 418 0
 428 0014 43F00403 		orr	r3, r3, #4
 429 0018 1361     		str	r3, [r2, #16]
 430              		.loc 1 421 0
 431 001a 0AD0     		beq	.L53
 422:Drivers/STM32F4xx_HAL_Driver/Src/stm32f4xx_hal_pwr.c ****   {   
 423:Drivers/STM32F4xx_HAL_Driver/Src/stm32f4xx_hal_pwr.c ****     /* Request Wait For Interrupt */
 424:Drivers/STM32F4xx_HAL_Driver/Src/stm32f4xx_hal_pwr.c ****     __WFI();
 425:Drivers/STM32F4xx_HAL_Driver/Src/stm32f4xx_hal_pwr.c ****   }
 426:Drivers/STM32F4xx_HAL_Driver/Src/stm32f4xx_hal_pwr.c ****   else
 427:Drivers/STM32F4xx_HAL_Driver/Src/stm32f4xx_hal_pwr.c ****   {
 428:Drivers/STM32F4xx_HAL_Driver/Src/stm32f4xx_hal_pwr.c ****     /* Request Wait For Event */
 429:Drivers/STM32F4xx_HAL_Driver/Src/stm32f4xx_hal_pwr.c ****     __SEV();
 432              		.loc 1 429 0
 433              		.syntax unified
 434              	@ 429 "Drivers/STM32F4xx_HAL_Driver/Src/stm32f4xx_hal_pwr.c" 1
 435 001c 40BF     		sev
 436              	@ 0 "" 2
 430:Drivers/STM32F4xx_HAL_Driver/Src/stm32f4xx_hal_pwr.c ****     __WFE();
 437              		.loc 1 430 0
ARM GAS  /tmp/ccGcFGGK.s 			page 16


 438              	@ 430 "Drivers/STM32F4xx_HAL_Driver/Src/stm32f4xx_hal_pwr.c" 1
 439 001e 20BF     		wfe
 440              	@ 0 "" 2
 431:Drivers/STM32F4xx_HAL_Driver/Src/stm32f4xx_hal_pwr.c ****     __WFE();
 441              		.loc 1 431 0
 442              	@ 431 "Drivers/STM32F4xx_HAL_Driver/Src/stm32f4xx_hal_pwr.c" 1
 443 0020 20BF     		wfe
 444              	@ 0 "" 2
 445              		.thumb
 446              		.syntax unified
 447              	.L51:
 432:Drivers/STM32F4xx_HAL_Driver/Src/stm32f4xx_hal_pwr.c ****   }
 433:Drivers/STM32F4xx_HAL_Driver/Src/stm32f4xx_hal_pwr.c ****   /* Reset SLEEPDEEP bit of Cortex System Control Register */
 434:Drivers/STM32F4xx_HAL_Driver/Src/stm32f4xx_hal_pwr.c ****   CLEAR_BIT(SCB->SCR, ((uint32_t)SCB_SCR_SLEEPDEEP_Msk));  
 448              		.loc 1 434 0
 449 0022 064A     		ldr	r2, .L54+4
 435:Drivers/STM32F4xx_HAL_Driver/Src/stm32f4xx_hal_pwr.c **** }
 450              		.loc 1 435 0
 451 0024 5DF8044B 		ldr	r4, [sp], #4
 452              	.LCFI3:
 453              		.cfi_remember_state
 454              		.cfi_restore 4
 455              		.cfi_def_cfa_offset 0
 434:Drivers/STM32F4xx_HAL_Driver/Src/stm32f4xx_hal_pwr.c **** }
 456              		.loc 1 434 0
 457 0028 1369     		ldr	r3, [r2, #16]
 458 002a 23F00403 		bic	r3, r3, #4
 459 002e 1361     		str	r3, [r2, #16]
 460              		.loc 1 435 0
 461 0030 7047     		bx	lr
 462              	.L53:
 463              	.LCFI4:
 464              		.cfi_restore_state
 424:Drivers/STM32F4xx_HAL_Driver/Src/stm32f4xx_hal_pwr.c ****   }
 465              		.loc 1 424 0
 466              		.syntax unified
 467              	@ 424 "Drivers/STM32F4xx_HAL_Driver/Src/stm32f4xx_hal_pwr.c" 1
 468 0032 30BF     		wfi
 469              	@ 0 "" 2
 470              		.thumb
 471              		.syntax unified
 472 0034 F5E7     		b	.L51
 473              	.L55:
 474 0036 00BF     		.align	2
 475              	.L54:
 476 0038 00700040 		.word	1073770496
 477 003c 00ED00E0 		.word	-536810240
 478              		.cfi_endproc
 479              	.LFE139:
 481              		.section	.text.HAL_PWR_EnterSTANDBYMode,"ax",%progbits
 482              		.align	1
 483              		.p2align 2,,3
 484              		.global	HAL_PWR_EnterSTANDBYMode
 485              		.syntax unified
 486              		.thumb
 487              		.thumb_func
 488              		.fpu fpv4-sp-d16
ARM GAS  /tmp/ccGcFGGK.s 			page 17


 490              	HAL_PWR_EnterSTANDBYMode:
 491              	.LFB140:
 436:Drivers/STM32F4xx_HAL_Driver/Src/stm32f4xx_hal_pwr.c **** 
 437:Drivers/STM32F4xx_HAL_Driver/Src/stm32f4xx_hal_pwr.c **** /**
 438:Drivers/STM32F4xx_HAL_Driver/Src/stm32f4xx_hal_pwr.c ****   * @brief Enters Standby mode.
 439:Drivers/STM32F4xx_HAL_Driver/Src/stm32f4xx_hal_pwr.c ****   * @note In Standby mode, all I/O pins are high impedance except for:
 440:Drivers/STM32F4xx_HAL_Driver/Src/stm32f4xx_hal_pwr.c ****   *          - Reset pad (still available) 
 441:Drivers/STM32F4xx_HAL_Driver/Src/stm32f4xx_hal_pwr.c ****   *          - RTC_AF1 pin (PC13) if configured for tamper, time-stamp, RTC 
 442:Drivers/STM32F4xx_HAL_Driver/Src/stm32f4xx_hal_pwr.c ****   *            Alarm out, or RTC clock calibration out.
 443:Drivers/STM32F4xx_HAL_Driver/Src/stm32f4xx_hal_pwr.c ****   *          - RTC_AF2 pin (PI8) if configured for tamper or time-stamp.  
 444:Drivers/STM32F4xx_HAL_Driver/Src/stm32f4xx_hal_pwr.c ****   *          - WKUP pin 1 (PA0) if enabled.       
 445:Drivers/STM32F4xx_HAL_Driver/Src/stm32f4xx_hal_pwr.c ****   * @retval None
 446:Drivers/STM32F4xx_HAL_Driver/Src/stm32f4xx_hal_pwr.c ****   */
 447:Drivers/STM32F4xx_HAL_Driver/Src/stm32f4xx_hal_pwr.c **** void HAL_PWR_EnterSTANDBYMode(void)
 448:Drivers/STM32F4xx_HAL_Driver/Src/stm32f4xx_hal_pwr.c **** {
 492              		.loc 1 448 0
 493              		.cfi_startproc
 494              		@ args = 0, pretend = 0, frame = 0
 495              		@ frame_needed = 0, uses_anonymous_args = 0
 496              		@ link register save eliminated.
 449:Drivers/STM32F4xx_HAL_Driver/Src/stm32f4xx_hal_pwr.c ****   /* Select Standby mode */
 450:Drivers/STM32F4xx_HAL_Driver/Src/stm32f4xx_hal_pwr.c ****   SET_BIT(PWR->CR, PWR_CR_PDDS);
 497              		.loc 1 450 0
 498 0000 0549     		ldr	r1, .L57
 451:Drivers/STM32F4xx_HAL_Driver/Src/stm32f4xx_hal_pwr.c **** 
 452:Drivers/STM32F4xx_HAL_Driver/Src/stm32f4xx_hal_pwr.c ****   /* Set SLEEPDEEP bit of Cortex System Control Register */
 453:Drivers/STM32F4xx_HAL_Driver/Src/stm32f4xx_hal_pwr.c ****   SET_BIT(SCB->SCR, ((uint32_t)SCB_SCR_SLEEPDEEP_Msk));
 499              		.loc 1 453 0
 500 0002 064A     		ldr	r2, .L57+4
 450:Drivers/STM32F4xx_HAL_Driver/Src/stm32f4xx_hal_pwr.c **** 
 501              		.loc 1 450 0
 502 0004 0B68     		ldr	r3, [r1]
 503 0006 43F00203 		orr	r3, r3, #2
 504 000a 0B60     		str	r3, [r1]
 505              		.loc 1 453 0
 506 000c 1369     		ldr	r3, [r2, #16]
 507 000e 43F00403 		orr	r3, r3, #4
 508 0012 1361     		str	r3, [r2, #16]
 454:Drivers/STM32F4xx_HAL_Driver/Src/stm32f4xx_hal_pwr.c ****   
 455:Drivers/STM32F4xx_HAL_Driver/Src/stm32f4xx_hal_pwr.c ****   /* This option is used to ensure that store operations are completed */
 456:Drivers/STM32F4xx_HAL_Driver/Src/stm32f4xx_hal_pwr.c **** #if defined ( __CC_ARM)
 457:Drivers/STM32F4xx_HAL_Driver/Src/stm32f4xx_hal_pwr.c ****   __force_stores();
 458:Drivers/STM32F4xx_HAL_Driver/Src/stm32f4xx_hal_pwr.c **** #endif
 459:Drivers/STM32F4xx_HAL_Driver/Src/stm32f4xx_hal_pwr.c ****   /* Request Wait For Interrupt */
 460:Drivers/STM32F4xx_HAL_Driver/Src/stm32f4xx_hal_pwr.c ****   __WFI();
 509              		.loc 1 460 0
 510              		.syntax unified
 511              	@ 460 "Drivers/STM32F4xx_HAL_Driver/Src/stm32f4xx_hal_pwr.c" 1
 512 0014 30BF     		wfi
 513              	@ 0 "" 2
 461:Drivers/STM32F4xx_HAL_Driver/Src/stm32f4xx_hal_pwr.c **** }
 514              		.loc 1 461 0
 515              		.thumb
 516              		.syntax unified
 517 0016 7047     		bx	lr
 518              	.L58:
 519              		.align	2
ARM GAS  /tmp/ccGcFGGK.s 			page 18


 520              	.L57:
 521 0018 00700040 		.word	1073770496
 522 001c 00ED00E0 		.word	-536810240
 523              		.cfi_endproc
 524              	.LFE140:
 526              		.section	.text.HAL_PWR_PVDCallback,"ax",%progbits
 527              		.align	1
 528              		.p2align 2,,3
 529              		.weak	HAL_PWR_PVDCallback
 530              		.syntax unified
 531              		.thumb
 532              		.thumb_func
 533              		.fpu fpv4-sp-d16
 535              	HAL_PWR_PVDCallback:
 536              	.LFB142:
 462:Drivers/STM32F4xx_HAL_Driver/Src/stm32f4xx_hal_pwr.c **** 
 463:Drivers/STM32F4xx_HAL_Driver/Src/stm32f4xx_hal_pwr.c **** /**
 464:Drivers/STM32F4xx_HAL_Driver/Src/stm32f4xx_hal_pwr.c ****   * @brief This function handles the PWR PVD interrupt request.
 465:Drivers/STM32F4xx_HAL_Driver/Src/stm32f4xx_hal_pwr.c ****   * @note This API should be called under the PVD_IRQHandler().
 466:Drivers/STM32F4xx_HAL_Driver/Src/stm32f4xx_hal_pwr.c ****   * @retval None
 467:Drivers/STM32F4xx_HAL_Driver/Src/stm32f4xx_hal_pwr.c ****   */
 468:Drivers/STM32F4xx_HAL_Driver/Src/stm32f4xx_hal_pwr.c **** void HAL_PWR_PVD_IRQHandler(void)
 469:Drivers/STM32F4xx_HAL_Driver/Src/stm32f4xx_hal_pwr.c **** {
 470:Drivers/STM32F4xx_HAL_Driver/Src/stm32f4xx_hal_pwr.c ****   /* Check PWR Exti flag */
 471:Drivers/STM32F4xx_HAL_Driver/Src/stm32f4xx_hal_pwr.c ****   if(__HAL_PWR_PVD_EXTI_GET_FLAG() != RESET)
 472:Drivers/STM32F4xx_HAL_Driver/Src/stm32f4xx_hal_pwr.c ****   {
 473:Drivers/STM32F4xx_HAL_Driver/Src/stm32f4xx_hal_pwr.c ****     /* PWR PVD interrupt user callback */
 474:Drivers/STM32F4xx_HAL_Driver/Src/stm32f4xx_hal_pwr.c ****     HAL_PWR_PVDCallback();
 475:Drivers/STM32F4xx_HAL_Driver/Src/stm32f4xx_hal_pwr.c ****     
 476:Drivers/STM32F4xx_HAL_Driver/Src/stm32f4xx_hal_pwr.c ****     /* Clear PWR Exti pending bit */
 477:Drivers/STM32F4xx_HAL_Driver/Src/stm32f4xx_hal_pwr.c ****     __HAL_PWR_PVD_EXTI_CLEAR_FLAG();
 478:Drivers/STM32F4xx_HAL_Driver/Src/stm32f4xx_hal_pwr.c ****   }
 479:Drivers/STM32F4xx_HAL_Driver/Src/stm32f4xx_hal_pwr.c **** }
 480:Drivers/STM32F4xx_HAL_Driver/Src/stm32f4xx_hal_pwr.c **** 
 481:Drivers/STM32F4xx_HAL_Driver/Src/stm32f4xx_hal_pwr.c **** /**
 482:Drivers/STM32F4xx_HAL_Driver/Src/stm32f4xx_hal_pwr.c ****   * @brief  PWR PVD interrupt callback
 483:Drivers/STM32F4xx_HAL_Driver/Src/stm32f4xx_hal_pwr.c ****   * @retval None
 484:Drivers/STM32F4xx_HAL_Driver/Src/stm32f4xx_hal_pwr.c ****   */
 485:Drivers/STM32F4xx_HAL_Driver/Src/stm32f4xx_hal_pwr.c **** __weak void HAL_PWR_PVDCallback(void)
 486:Drivers/STM32F4xx_HAL_Driver/Src/stm32f4xx_hal_pwr.c **** {
 537              		.loc 1 486 0
 538              		.cfi_startproc
 539              		@ args = 0, pretend = 0, frame = 0
 540              		@ frame_needed = 0, uses_anonymous_args = 0
 541              		@ link register save eliminated.
 487:Drivers/STM32F4xx_HAL_Driver/Src/stm32f4xx_hal_pwr.c ****   /* NOTE : This function Should not be modified, when the callback is needed,
 488:Drivers/STM32F4xx_HAL_Driver/Src/stm32f4xx_hal_pwr.c ****             the HAL_PWR_PVDCallback could be implemented in the user file
 489:Drivers/STM32F4xx_HAL_Driver/Src/stm32f4xx_hal_pwr.c ****    */ 
 490:Drivers/STM32F4xx_HAL_Driver/Src/stm32f4xx_hal_pwr.c **** }
 542              		.loc 1 490 0
 543 0000 7047     		bx	lr
 544              		.cfi_endproc
 545              	.LFE142:
 547 0002 00BF     		.section	.text.HAL_PWR_PVD_IRQHandler,"ax",%progbits
 548              		.align	1
 549              		.p2align 2,,3
 550              		.global	HAL_PWR_PVD_IRQHandler
ARM GAS  /tmp/ccGcFGGK.s 			page 19


 551              		.syntax unified
 552              		.thumb
 553              		.thumb_func
 554              		.fpu fpv4-sp-d16
 556              	HAL_PWR_PVD_IRQHandler:
 557              	.LFB141:
 469:Drivers/STM32F4xx_HAL_Driver/Src/stm32f4xx_hal_pwr.c ****   /* Check PWR Exti flag */
 558              		.loc 1 469 0
 559              		.cfi_startproc
 560              		@ args = 0, pretend = 0, frame = 0
 561              		@ frame_needed = 0, uses_anonymous_args = 0
 562 0000 10B5     		push	{r4, lr}
 563              	.LCFI5:
 564              		.cfi_def_cfa_offset 8
 565              		.cfi_offset 4, -8
 566              		.cfi_offset 14, -4
 471:Drivers/STM32F4xx_HAL_Driver/Src/stm32f4xx_hal_pwr.c ****   {
 567              		.loc 1 471 0
 568 0002 054C     		ldr	r4, .L67
 569 0004 6369     		ldr	r3, [r4, #20]
 570 0006 DB03     		lsls	r3, r3, #15
 571 0008 00D4     		bmi	.L66
 479:Drivers/STM32F4xx_HAL_Driver/Src/stm32f4xx_hal_pwr.c **** 
 572              		.loc 1 479 0
 573 000a 10BD     		pop	{r4, pc}
 574              	.L66:
 474:Drivers/STM32F4xx_HAL_Driver/Src/stm32f4xx_hal_pwr.c ****     
 575              		.loc 1 474 0
 576 000c FFF7FEFF 		bl	HAL_PWR_PVDCallback
 577              	.LVL9:
 477:Drivers/STM32F4xx_HAL_Driver/Src/stm32f4xx_hal_pwr.c ****   }
 578              		.loc 1 477 0
 579 0010 4FF48033 		mov	r3, #65536
 580 0014 6361     		str	r3, [r4, #20]
 479:Drivers/STM32F4xx_HAL_Driver/Src/stm32f4xx_hal_pwr.c **** 
 581              		.loc 1 479 0
 582 0016 10BD     		pop	{r4, pc}
 583              	.L68:
 584              		.align	2
 585              	.L67:
 586 0018 003C0140 		.word	1073822720
 587              		.cfi_endproc
 588              	.LFE141:
 590              		.section	.text.HAL_PWR_EnableSleepOnExit,"ax",%progbits
 591              		.align	1
 592              		.p2align 2,,3
 593              		.global	HAL_PWR_EnableSleepOnExit
 594              		.syntax unified
 595              		.thumb
 596              		.thumb_func
 597              		.fpu fpv4-sp-d16
 599              	HAL_PWR_EnableSleepOnExit:
 600              	.LFB143:
 491:Drivers/STM32F4xx_HAL_Driver/Src/stm32f4xx_hal_pwr.c **** 
 492:Drivers/STM32F4xx_HAL_Driver/Src/stm32f4xx_hal_pwr.c **** /**
 493:Drivers/STM32F4xx_HAL_Driver/Src/stm32f4xx_hal_pwr.c ****   * @brief Indicates Sleep-On-Exit when returning from Handler mode to Thread mode. 
 494:Drivers/STM32F4xx_HAL_Driver/Src/stm32f4xx_hal_pwr.c ****   * @note Set SLEEPONEXIT bit of SCR register. When this bit is set, the processor 
ARM GAS  /tmp/ccGcFGGK.s 			page 20


 495:Drivers/STM32F4xx_HAL_Driver/Src/stm32f4xx_hal_pwr.c ****   *       re-enters SLEEP mode when an interruption handling is over.
 496:Drivers/STM32F4xx_HAL_Driver/Src/stm32f4xx_hal_pwr.c ****   *       Setting this bit is useful when the processor is expected to run only on
 497:Drivers/STM32F4xx_HAL_Driver/Src/stm32f4xx_hal_pwr.c ****   *       interruptions handling.         
 498:Drivers/STM32F4xx_HAL_Driver/Src/stm32f4xx_hal_pwr.c ****   * @retval None
 499:Drivers/STM32F4xx_HAL_Driver/Src/stm32f4xx_hal_pwr.c ****   */
 500:Drivers/STM32F4xx_HAL_Driver/Src/stm32f4xx_hal_pwr.c **** void HAL_PWR_EnableSleepOnExit(void)
 501:Drivers/STM32F4xx_HAL_Driver/Src/stm32f4xx_hal_pwr.c **** {
 601              		.loc 1 501 0
 602              		.cfi_startproc
 603              		@ args = 0, pretend = 0, frame = 0
 604              		@ frame_needed = 0, uses_anonymous_args = 0
 605              		@ link register save eliminated.
 502:Drivers/STM32F4xx_HAL_Driver/Src/stm32f4xx_hal_pwr.c ****   /* Set SLEEPONEXIT bit of Cortex System Control Register */
 503:Drivers/STM32F4xx_HAL_Driver/Src/stm32f4xx_hal_pwr.c ****   SET_BIT(SCB->SCR, ((uint32_t)SCB_SCR_SLEEPONEXIT_Msk));
 606              		.loc 1 503 0
 607 0000 024A     		ldr	r2, .L70
 608 0002 1369     		ldr	r3, [r2, #16]
 609 0004 43F00203 		orr	r3, r3, #2
 610 0008 1361     		str	r3, [r2, #16]
 504:Drivers/STM32F4xx_HAL_Driver/Src/stm32f4xx_hal_pwr.c **** }
 611              		.loc 1 504 0
 612 000a 7047     		bx	lr
 613              	.L71:
 614              		.align	2
 615              	.L70:
 616 000c 00ED00E0 		.word	-536810240
 617              		.cfi_endproc
 618              	.LFE143:
 620              		.section	.text.HAL_PWR_DisableSleepOnExit,"ax",%progbits
 621              		.align	1
 622              		.p2align 2,,3
 623              		.global	HAL_PWR_DisableSleepOnExit
 624              		.syntax unified
 625              		.thumb
 626              		.thumb_func
 627              		.fpu fpv4-sp-d16
 629              	HAL_PWR_DisableSleepOnExit:
 630              	.LFB144:
 505:Drivers/STM32F4xx_HAL_Driver/Src/stm32f4xx_hal_pwr.c **** 
 506:Drivers/STM32F4xx_HAL_Driver/Src/stm32f4xx_hal_pwr.c **** /**
 507:Drivers/STM32F4xx_HAL_Driver/Src/stm32f4xx_hal_pwr.c ****   * @brief Disables Sleep-On-Exit feature when returning from Handler mode to Thread mode. 
 508:Drivers/STM32F4xx_HAL_Driver/Src/stm32f4xx_hal_pwr.c ****   * @note Clears SLEEPONEXIT bit of SCR register. When this bit is set, the processor 
 509:Drivers/STM32F4xx_HAL_Driver/Src/stm32f4xx_hal_pwr.c ****   *       re-enters SLEEP mode when an interruption handling is over.          
 510:Drivers/STM32F4xx_HAL_Driver/Src/stm32f4xx_hal_pwr.c ****   * @retval None
 511:Drivers/STM32F4xx_HAL_Driver/Src/stm32f4xx_hal_pwr.c ****   */
 512:Drivers/STM32F4xx_HAL_Driver/Src/stm32f4xx_hal_pwr.c **** void HAL_PWR_DisableSleepOnExit(void)
 513:Drivers/STM32F4xx_HAL_Driver/Src/stm32f4xx_hal_pwr.c **** {
 631              		.loc 1 513 0
 632              		.cfi_startproc
 633              		@ args = 0, pretend = 0, frame = 0
 634              		@ frame_needed = 0, uses_anonymous_args = 0
 635              		@ link register save eliminated.
 514:Drivers/STM32F4xx_HAL_Driver/Src/stm32f4xx_hal_pwr.c ****   /* Clear SLEEPONEXIT bit of Cortex System Control Register */
 515:Drivers/STM32F4xx_HAL_Driver/Src/stm32f4xx_hal_pwr.c ****   CLEAR_BIT(SCB->SCR, ((uint32_t)SCB_SCR_SLEEPONEXIT_Msk));
 636              		.loc 1 515 0
 637 0000 024A     		ldr	r2, .L73
 638 0002 1369     		ldr	r3, [r2, #16]
ARM GAS  /tmp/ccGcFGGK.s 			page 21


 639 0004 23F00203 		bic	r3, r3, #2
 640 0008 1361     		str	r3, [r2, #16]
 516:Drivers/STM32F4xx_HAL_Driver/Src/stm32f4xx_hal_pwr.c **** }
 641              		.loc 1 516 0
 642 000a 7047     		bx	lr
 643              	.L74:
 644              		.align	2
 645              	.L73:
 646 000c 00ED00E0 		.word	-536810240
 647              		.cfi_endproc
 648              	.LFE144:
 650              		.section	.text.HAL_PWR_EnableSEVOnPend,"ax",%progbits
 651              		.align	1
 652              		.p2align 2,,3
 653              		.global	HAL_PWR_EnableSEVOnPend
 654              		.syntax unified
 655              		.thumb
 656              		.thumb_func
 657              		.fpu fpv4-sp-d16
 659              	HAL_PWR_EnableSEVOnPend:
 660              	.LFB145:
 517:Drivers/STM32F4xx_HAL_Driver/Src/stm32f4xx_hal_pwr.c **** 
 518:Drivers/STM32F4xx_HAL_Driver/Src/stm32f4xx_hal_pwr.c **** /**
 519:Drivers/STM32F4xx_HAL_Driver/Src/stm32f4xx_hal_pwr.c ****   * @brief Enables CORTEX M4 SEVONPEND bit. 
 520:Drivers/STM32F4xx_HAL_Driver/Src/stm32f4xx_hal_pwr.c ****   * @note Sets SEVONPEND bit of SCR register. When this bit is set, this causes 
 521:Drivers/STM32F4xx_HAL_Driver/Src/stm32f4xx_hal_pwr.c ****   *       WFE to wake up when an interrupt moves from inactive to pended.
 522:Drivers/STM32F4xx_HAL_Driver/Src/stm32f4xx_hal_pwr.c ****   * @retval None
 523:Drivers/STM32F4xx_HAL_Driver/Src/stm32f4xx_hal_pwr.c ****   */
 524:Drivers/STM32F4xx_HAL_Driver/Src/stm32f4xx_hal_pwr.c **** void HAL_PWR_EnableSEVOnPend(void)
 525:Drivers/STM32F4xx_HAL_Driver/Src/stm32f4xx_hal_pwr.c **** {
 661              		.loc 1 525 0
 662              		.cfi_startproc
 663              		@ args = 0, pretend = 0, frame = 0
 664              		@ frame_needed = 0, uses_anonymous_args = 0
 665              		@ link register save eliminated.
 526:Drivers/STM32F4xx_HAL_Driver/Src/stm32f4xx_hal_pwr.c ****   /* Set SEVONPEND bit of Cortex System Control Register */
 527:Drivers/STM32F4xx_HAL_Driver/Src/stm32f4xx_hal_pwr.c ****   SET_BIT(SCB->SCR, ((uint32_t)SCB_SCR_SEVONPEND_Msk));
 666              		.loc 1 527 0
 667 0000 024A     		ldr	r2, .L76
 668 0002 1369     		ldr	r3, [r2, #16]
 669 0004 43F01003 		orr	r3, r3, #16
 670 0008 1361     		str	r3, [r2, #16]
 528:Drivers/STM32F4xx_HAL_Driver/Src/stm32f4xx_hal_pwr.c **** }
 671              		.loc 1 528 0
 672 000a 7047     		bx	lr
 673              	.L77:
 674              		.align	2
 675              	.L76:
 676 000c 00ED00E0 		.word	-536810240
 677              		.cfi_endproc
 678              	.LFE145:
 680              		.section	.text.HAL_PWR_DisableSEVOnPend,"ax",%progbits
 681              		.align	1
 682              		.p2align 2,,3
 683              		.global	HAL_PWR_DisableSEVOnPend
 684              		.syntax unified
 685              		.thumb
ARM GAS  /tmp/ccGcFGGK.s 			page 22


 686              		.thumb_func
 687              		.fpu fpv4-sp-d16
 689              	HAL_PWR_DisableSEVOnPend:
 690              	.LFB146:
 529:Drivers/STM32F4xx_HAL_Driver/Src/stm32f4xx_hal_pwr.c **** 
 530:Drivers/STM32F4xx_HAL_Driver/Src/stm32f4xx_hal_pwr.c **** /**
 531:Drivers/STM32F4xx_HAL_Driver/Src/stm32f4xx_hal_pwr.c ****   * @brief Disables CORTEX M4 SEVONPEND bit. 
 532:Drivers/STM32F4xx_HAL_Driver/Src/stm32f4xx_hal_pwr.c ****   * @note Clears SEVONPEND bit of SCR register. When this bit is set, this causes 
 533:Drivers/STM32F4xx_HAL_Driver/Src/stm32f4xx_hal_pwr.c ****   *       WFE to wake up when an interrupt moves from inactive to pended.         
 534:Drivers/STM32F4xx_HAL_Driver/Src/stm32f4xx_hal_pwr.c ****   * @retval None
 535:Drivers/STM32F4xx_HAL_Driver/Src/stm32f4xx_hal_pwr.c ****   */
 536:Drivers/STM32F4xx_HAL_Driver/Src/stm32f4xx_hal_pwr.c **** void HAL_PWR_DisableSEVOnPend(void)
 537:Drivers/STM32F4xx_HAL_Driver/Src/stm32f4xx_hal_pwr.c **** {
 691              		.loc 1 537 0
 692              		.cfi_startproc
 693              		@ args = 0, pretend = 0, frame = 0
 694              		@ frame_needed = 0, uses_anonymous_args = 0
 695              		@ link register save eliminated.
 538:Drivers/STM32F4xx_HAL_Driver/Src/stm32f4xx_hal_pwr.c ****   /* Clear SEVONPEND bit of Cortex System Control Register */
 539:Drivers/STM32F4xx_HAL_Driver/Src/stm32f4xx_hal_pwr.c ****   CLEAR_BIT(SCB->SCR, ((uint32_t)SCB_SCR_SEVONPEND_Msk));
 696              		.loc 1 539 0
 697 0000 024A     		ldr	r2, .L79
 698 0002 1369     		ldr	r3, [r2, #16]
 699 0004 23F01003 		bic	r3, r3, #16
 700 0008 1361     		str	r3, [r2, #16]
 540:Drivers/STM32F4xx_HAL_Driver/Src/stm32f4xx_hal_pwr.c **** }
 701              		.loc 1 540 0
 702 000a 7047     		bx	lr
 703              	.L80:
 704              		.align	2
 705              	.L79:
 706 000c 00ED00E0 		.word	-536810240
 707              		.cfi_endproc
 708              	.LFE146:
 710              		.text
 711              	.Letext0:
 712              		.file 2 "/usr/arm-none-eabi/include/machine/_default_types.h"
 713              		.file 3 "/usr/arm-none-eabi/include/sys/_stdint.h"
 714              		.file 4 "Drivers/CMSIS/Include/core_cm4.h"
 715              		.file 5 "Drivers/CMSIS/Device/ST/STM32F4xx/Include/system_stm32f4xx.h"
 716              		.file 6 "Drivers/CMSIS/Device/ST/STM32F4xx/Include/stm32f413xx.h"
 717              		.file 7 "Drivers/CMSIS/Device/ST/STM32F4xx/Include/stm32f4xx.h"
 718              		.file 8 "Drivers/STM32F4xx_HAL_Driver/Inc/stm32f4xx_hal_pwr.h"
ARM GAS  /tmp/ccGcFGGK.s 			page 23


DEFINED SYMBOLS
                            *ABS*:0000000000000000 stm32f4xx_hal_pwr.c
     /tmp/ccGcFGGK.s:18     .text.HAL_PWR_DeInit:0000000000000000 $t
     /tmp/ccGcFGGK.s:26     .text.HAL_PWR_DeInit:0000000000000000 HAL_PWR_DeInit
     /tmp/ccGcFGGK.s:48     .text.HAL_PWR_DeInit:0000000000000014 $d
     /tmp/ccGcFGGK.s:53     .text.HAL_PWR_EnableBkUpAccess:0000000000000000 $t
     /tmp/ccGcFGGK.s:61     .text.HAL_PWR_EnableBkUpAccess:0000000000000000 HAL_PWR_EnableBkUpAccess
     /tmp/ccGcFGGK.s:77     .text.HAL_PWR_EnableBkUpAccess:0000000000000008 $d
     /tmp/ccGcFGGK.s:82     .text.HAL_PWR_DisableBkUpAccess:0000000000000000 $t
     /tmp/ccGcFGGK.s:90     .text.HAL_PWR_DisableBkUpAccess:0000000000000000 HAL_PWR_DisableBkUpAccess
     /tmp/ccGcFGGK.s:106    .text.HAL_PWR_DisableBkUpAccess:0000000000000008 $d
     /tmp/ccGcFGGK.s:111    .text.HAL_PWR_ConfigPVD:0000000000000000 $t
     /tmp/ccGcFGGK.s:119    .text.HAL_PWR_ConfigPVD:0000000000000000 HAL_PWR_ConfigPVD
     /tmp/ccGcFGGK.s:205    .text.HAL_PWR_ConfigPVD:0000000000000070 $d
     /tmp/ccGcFGGK.s:211    .text.HAL_PWR_EnablePVD:0000000000000000 $t
     /tmp/ccGcFGGK.s:219    .text.HAL_PWR_EnablePVD:0000000000000000 HAL_PWR_EnablePVD
     /tmp/ccGcFGGK.s:235    .text.HAL_PWR_EnablePVD:0000000000000008 $d
     /tmp/ccGcFGGK.s:240    .text.HAL_PWR_DisablePVD:0000000000000000 $t
     /tmp/ccGcFGGK.s:248    .text.HAL_PWR_DisablePVD:0000000000000000 HAL_PWR_DisablePVD
     /tmp/ccGcFGGK.s:264    .text.HAL_PWR_DisablePVD:0000000000000008 $d
     /tmp/ccGcFGGK.s:269    .text.HAL_PWR_EnableWakeUpPin:0000000000000000 $t
     /tmp/ccGcFGGK.s:277    .text.HAL_PWR_EnableWakeUpPin:0000000000000000 HAL_PWR_EnableWakeUpPin
     /tmp/ccGcFGGK.s:296    .text.HAL_PWR_EnableWakeUpPin:000000000000000c $d
     /tmp/ccGcFGGK.s:301    .text.HAL_PWR_DisableWakeUpPin:0000000000000000 $t
     /tmp/ccGcFGGK.s:309    .text.HAL_PWR_DisableWakeUpPin:0000000000000000 HAL_PWR_DisableWakeUpPin
     /tmp/ccGcFGGK.s:328    .text.HAL_PWR_DisableWakeUpPin:000000000000000c $d
     /tmp/ccGcFGGK.s:333    .text.HAL_PWR_EnterSLEEPMode:0000000000000000 $t
     /tmp/ccGcFGGK.s:341    .text.HAL_PWR_EnterSLEEPMode:0000000000000000 HAL_PWR_EnterSLEEPMode
     /tmp/ccGcFGGK.s:388    .text.HAL_PWR_EnterSLEEPMode:000000000000001c $d
     /tmp/ccGcFGGK.s:393    .text.HAL_PWR_EnterSTOPMode:0000000000000000 $t
     /tmp/ccGcFGGK.s:401    .text.HAL_PWR_EnterSTOPMode:0000000000000000 HAL_PWR_EnterSTOPMode
     /tmp/ccGcFGGK.s:476    .text.HAL_PWR_EnterSTOPMode:0000000000000038 $d
     /tmp/ccGcFGGK.s:482    .text.HAL_PWR_EnterSTANDBYMode:0000000000000000 $t
     /tmp/ccGcFGGK.s:490    .text.HAL_PWR_EnterSTANDBYMode:0000000000000000 HAL_PWR_EnterSTANDBYMode
     /tmp/ccGcFGGK.s:521    .text.HAL_PWR_EnterSTANDBYMode:0000000000000018 $d
     /tmp/ccGcFGGK.s:527    .text.HAL_PWR_PVDCallback:0000000000000000 $t
     /tmp/ccGcFGGK.s:535    .text.HAL_PWR_PVDCallback:0000000000000000 HAL_PWR_PVDCallback
     /tmp/ccGcFGGK.s:548    .text.HAL_PWR_PVD_IRQHandler:0000000000000000 $t
     /tmp/ccGcFGGK.s:556    .text.HAL_PWR_PVD_IRQHandler:0000000000000000 HAL_PWR_PVD_IRQHandler
     /tmp/ccGcFGGK.s:586    .text.HAL_PWR_PVD_IRQHandler:0000000000000018 $d
     /tmp/ccGcFGGK.s:591    .text.HAL_PWR_EnableSleepOnExit:0000000000000000 $t
     /tmp/ccGcFGGK.s:599    .text.HAL_PWR_EnableSleepOnExit:0000000000000000 HAL_PWR_EnableSleepOnExit
     /tmp/ccGcFGGK.s:616    .text.HAL_PWR_EnableSleepOnExit:000000000000000c $d
     /tmp/ccGcFGGK.s:621    .text.HAL_PWR_DisableSleepOnExit:0000000000000000 $t
     /tmp/ccGcFGGK.s:629    .text.HAL_PWR_DisableSleepOnExit:0000000000000000 HAL_PWR_DisableSleepOnExit
     /tmp/ccGcFGGK.s:646    .text.HAL_PWR_DisableSleepOnExit:000000000000000c $d
     /tmp/ccGcFGGK.s:651    .text.HAL_PWR_EnableSEVOnPend:0000000000000000 $t
     /tmp/ccGcFGGK.s:659    .text.HAL_PWR_EnableSEVOnPend:0000000000000000 HAL_PWR_EnableSEVOnPend
     /tmp/ccGcFGGK.s:676    .text.HAL_PWR_EnableSEVOnPend:000000000000000c $d
     /tmp/ccGcFGGK.s:681    .text.HAL_PWR_DisableSEVOnPend:0000000000000000 $t
     /tmp/ccGcFGGK.s:689    .text.HAL_PWR_DisableSEVOnPend:0000000000000000 HAL_PWR_DisableSEVOnPend
     /tmp/ccGcFGGK.s:706    .text.HAL_PWR_DisableSEVOnPend:000000000000000c $d

NO UNDEFINED SYMBOLS
