ARM GAS  /tmp/cczvxfFz.s 			page 1


   1              		.cpu cortex-m4
   2              		.eabi_attribute 27, 1
   3              		.eabi_attribute 28, 1
   4              		.eabi_attribute 20, 1
   5              		.eabi_attribute 21, 1
   6              		.eabi_attribute 23, 3
   7              		.eabi_attribute 24, 1
   8              		.eabi_attribute 25, 1
   9              		.eabi_attribute 26, 1
  10              		.eabi_attribute 30, 2
  11              		.eabi_attribute 34, 1
  12              		.eabi_attribute 18, 4
  13              		.file	"stm32f4xx_hal_msp.c"
  14              		.text
  15              	.Ltext0:
  16              		.cfi_sections	.debug_frame
  17              		.section	.text.HAL_MspInit,"ax",%progbits
  18              		.align	1
  19              		.p2align 2,,3
  20              		.global	HAL_MspInit
  21              		.syntax unified
  22              		.thumb
  23              		.thumb_func
  24              		.fpu fpv4-sp-d16
  26              	HAL_MspInit:
  27              	.LFB130:
  28              		.file 1 "Src/stm32f4xx_hal_msp.c"
   1:Src/stm32f4xx_hal_msp.c **** /* USER CODE BEGIN Header */
   2:Src/stm32f4xx_hal_msp.c **** /**
   3:Src/stm32f4xx_hal_msp.c ****   ******************************************************************************
   4:Src/stm32f4xx_hal_msp.c ****   * File Name          : stm32f4xx_hal_msp.c
   5:Src/stm32f4xx_hal_msp.c ****   * Description        : This file provides code for the MSP Initialization 
   6:Src/stm32f4xx_hal_msp.c ****   *                      and de-Initialization codes.
   7:Src/stm32f4xx_hal_msp.c ****   ******************************************************************************
   8:Src/stm32f4xx_hal_msp.c ****   * @attention
   9:Src/stm32f4xx_hal_msp.c ****   *
  10:Src/stm32f4xx_hal_msp.c ****   * <h2><center>&copy; Copyright (c) 2019 STMicroelectronics.
  11:Src/stm32f4xx_hal_msp.c ****   * All rights reserved.</center></h2>
  12:Src/stm32f4xx_hal_msp.c ****   *
  13:Src/stm32f4xx_hal_msp.c ****   * This software component is licensed by ST under BSD 3-Clause license,
  14:Src/stm32f4xx_hal_msp.c ****   * the "License"; You may not use this file except in compliance with the
  15:Src/stm32f4xx_hal_msp.c ****   * License. You may obtain a copy of the License at:
  16:Src/stm32f4xx_hal_msp.c ****   *                        opensource.org/licenses/BSD-3-Clause
  17:Src/stm32f4xx_hal_msp.c ****   *
  18:Src/stm32f4xx_hal_msp.c ****   ******************************************************************************
  19:Src/stm32f4xx_hal_msp.c ****   */
  20:Src/stm32f4xx_hal_msp.c **** /* USER CODE END Header */
  21:Src/stm32f4xx_hal_msp.c **** 
  22:Src/stm32f4xx_hal_msp.c **** /* Includes ------------------------------------------------------------------*/
  23:Src/stm32f4xx_hal_msp.c **** #include "main.h"
  24:Src/stm32f4xx_hal_msp.c **** /* USER CODE BEGIN Includes */
  25:Src/stm32f4xx_hal_msp.c **** 
  26:Src/stm32f4xx_hal_msp.c **** /* USER CODE END Includes */
  27:Src/stm32f4xx_hal_msp.c **** 
  28:Src/stm32f4xx_hal_msp.c **** /* Private typedef -----------------------------------------------------------*/
  29:Src/stm32f4xx_hal_msp.c **** /* USER CODE BEGIN TD */
  30:Src/stm32f4xx_hal_msp.c **** 
ARM GAS  /tmp/cczvxfFz.s 			page 2


  31:Src/stm32f4xx_hal_msp.c **** /* USER CODE END TD */
  32:Src/stm32f4xx_hal_msp.c **** 
  33:Src/stm32f4xx_hal_msp.c **** /* Private define ------------------------------------------------------------*/
  34:Src/stm32f4xx_hal_msp.c **** /* USER CODE BEGIN Define */
  35:Src/stm32f4xx_hal_msp.c ****  
  36:Src/stm32f4xx_hal_msp.c **** /* USER CODE END Define */
  37:Src/stm32f4xx_hal_msp.c **** 
  38:Src/stm32f4xx_hal_msp.c **** /* Private macro -------------------------------------------------------------*/
  39:Src/stm32f4xx_hal_msp.c **** /* USER CODE BEGIN Macro */
  40:Src/stm32f4xx_hal_msp.c **** 
  41:Src/stm32f4xx_hal_msp.c **** /* USER CODE END Macro */
  42:Src/stm32f4xx_hal_msp.c **** 
  43:Src/stm32f4xx_hal_msp.c **** /* Private variables ---------------------------------------------------------*/
  44:Src/stm32f4xx_hal_msp.c **** /* USER CODE BEGIN PV */
  45:Src/stm32f4xx_hal_msp.c **** 
  46:Src/stm32f4xx_hal_msp.c **** /* USER CODE END PV */
  47:Src/stm32f4xx_hal_msp.c **** 
  48:Src/stm32f4xx_hal_msp.c **** /* Private function prototypes -----------------------------------------------*/
  49:Src/stm32f4xx_hal_msp.c **** /* USER CODE BEGIN PFP */
  50:Src/stm32f4xx_hal_msp.c **** 
  51:Src/stm32f4xx_hal_msp.c **** /* USER CODE END PFP */
  52:Src/stm32f4xx_hal_msp.c **** 
  53:Src/stm32f4xx_hal_msp.c **** /* External functions --------------------------------------------------------*/
  54:Src/stm32f4xx_hal_msp.c **** /* USER CODE BEGIN ExternalFunctions */
  55:Src/stm32f4xx_hal_msp.c **** 
  56:Src/stm32f4xx_hal_msp.c **** /* USER CODE END ExternalFunctions */
  57:Src/stm32f4xx_hal_msp.c **** 
  58:Src/stm32f4xx_hal_msp.c **** /* USER CODE BEGIN 0 */
  59:Src/stm32f4xx_hal_msp.c **** 
  60:Src/stm32f4xx_hal_msp.c **** /* USER CODE END 0 */
  61:Src/stm32f4xx_hal_msp.c **** /**
  62:Src/stm32f4xx_hal_msp.c ****   * Initializes the Global MSP.
  63:Src/stm32f4xx_hal_msp.c ****   */
  64:Src/stm32f4xx_hal_msp.c **** void HAL_MspInit(void)
  65:Src/stm32f4xx_hal_msp.c **** {
  29              		.loc 1 65 0
  30              		.cfi_startproc
  31              		@ args = 0, pretend = 0, frame = 8
  32              		@ frame_needed = 0, uses_anonymous_args = 0
  33 0000 10B5     		push	{r4, lr}
  34              	.LCFI0:
  35              		.cfi_def_cfa_offset 8
  36              		.cfi_offset 4, -8
  37              		.cfi_offset 14, -4
  38 0002 82B0     		sub	sp, sp, #8
  39              	.LCFI1:
  40              		.cfi_def_cfa_offset 16
  41              	.LBB2:
  66:Src/stm32f4xx_hal_msp.c ****   /* USER CODE BEGIN MspInit 0 */
  67:Src/stm32f4xx_hal_msp.c **** 
  68:Src/stm32f4xx_hal_msp.c ****   /* USER CODE END MspInit 0 */
  69:Src/stm32f4xx_hal_msp.c **** 
  70:Src/stm32f4xx_hal_msp.c ****   __HAL_RCC_SYSCFG_CLK_ENABLE();
  42              		.loc 1 70 0
  43 0004 0024     		movs	r4, #0
  44 0006 1E4B     		ldr	r3, .L4
  45 0008 0094     		str	r4, [sp]
ARM GAS  /tmp/cczvxfFz.s 			page 3


  46 000a 5A6C     		ldr	r2, [r3, #68]
  47 000c 42F48042 		orr	r2, r2, #16384
  48 0010 5A64     		str	r2, [r3, #68]
  49 0012 5A6C     		ldr	r2, [r3, #68]
  50 0014 02F48042 		and	r2, r2, #16384
  51 0018 0092     		str	r2, [sp]
  52 001a 009A     		ldr	r2, [sp]
  53              	.LBE2:
  54              	.LBB3:
  71:Src/stm32f4xx_hal_msp.c ****   __HAL_RCC_PWR_CLK_ENABLE();
  55              		.loc 1 71 0
  56 001c 0194     		str	r4, [sp, #4]
  57 001e 1A6C     		ldr	r2, [r3, #64]
  58 0020 42F08052 		orr	r2, r2, #268435456
  59 0024 1A64     		str	r2, [r3, #64]
  60 0026 1B6C     		ldr	r3, [r3, #64]
  61 0028 03F08053 		and	r3, r3, #268435456
  62 002c 0193     		str	r3, [sp, #4]
  63              	.LBE3:
  72:Src/stm32f4xx_hal_msp.c **** 
  73:Src/stm32f4xx_hal_msp.c ****   /* System interrupt init*/
  74:Src/stm32f4xx_hal_msp.c ****   /* MemoryManagement_IRQn interrupt configuration */
  75:Src/stm32f4xx_hal_msp.c ****   HAL_NVIC_SetPriority(MemoryManagement_IRQn, 1, 0);
  64              		.loc 1 75 0
  65 002e 2246     		mov	r2, r4
  66 0030 0121     		movs	r1, #1
  67 0032 6FF00B00 		mvn	r0, #11
  68              	.LBB4:
  71:Src/stm32f4xx_hal_msp.c ****   __HAL_RCC_PWR_CLK_ENABLE();
  69              		.loc 1 71 0
  70 0036 019B     		ldr	r3, [sp, #4]
  71              	.LBE4:
  72              		.loc 1 75 0
  73 0038 FFF7FEFF 		bl	HAL_NVIC_SetPriority
  74              	.LVL0:
  76:Src/stm32f4xx_hal_msp.c ****   /* BusFault_IRQn interrupt configuration */
  77:Src/stm32f4xx_hal_msp.c ****   HAL_NVIC_SetPriority(BusFault_IRQn, 1, 0);
  75              		.loc 1 77 0
  76 003c 2246     		mov	r2, r4
  77 003e 0121     		movs	r1, #1
  78 0040 6FF00A00 		mvn	r0, #10
  79 0044 FFF7FEFF 		bl	HAL_NVIC_SetPriority
  80              	.LVL1:
  78:Src/stm32f4xx_hal_msp.c ****   /* UsageFault_IRQn interrupt configuration */
  79:Src/stm32f4xx_hal_msp.c ****   HAL_NVIC_SetPriority(UsageFault_IRQn, 1, 0);
  81              		.loc 1 79 0
  82 0048 2246     		mov	r2, r4
  83 004a 0121     		movs	r1, #1
  84 004c 6FF00900 		mvn	r0, #9
  85 0050 FFF7FEFF 		bl	HAL_NVIC_SetPriority
  86              	.LVL2:
  80:Src/stm32f4xx_hal_msp.c ****   /* SVCall_IRQn interrupt configuration */
  81:Src/stm32f4xx_hal_msp.c ****   HAL_NVIC_SetPriority(SVCall_IRQn, 1, 0);
  87              		.loc 1 81 0
  88 0054 2246     		mov	r2, r4
  89 0056 0121     		movs	r1, #1
  90 0058 6FF00400 		mvn	r0, #4
ARM GAS  /tmp/cczvxfFz.s 			page 4


  91 005c FFF7FEFF 		bl	HAL_NVIC_SetPriority
  92              	.LVL3:
  82:Src/stm32f4xx_hal_msp.c ****   /* DebugMonitor_IRQn interrupt configuration */
  83:Src/stm32f4xx_hal_msp.c ****   HAL_NVIC_SetPriority(DebugMonitor_IRQn, 1, 0);
  93              		.loc 1 83 0
  94 0060 2246     		mov	r2, r4
  95 0062 0121     		movs	r1, #1
  96 0064 6FF00300 		mvn	r0, #3
  97 0068 FFF7FEFF 		bl	HAL_NVIC_SetPriority
  98              	.LVL4:
  84:Src/stm32f4xx_hal_msp.c ****   /* PendSV_IRQn interrupt configuration */
  85:Src/stm32f4xx_hal_msp.c ****   HAL_NVIC_SetPriority(PendSV_IRQn, 1, 0);
  99              		.loc 1 85 0
 100 006c 2246     		mov	r2, r4
 101 006e 0121     		movs	r1, #1
 102 0070 6FF00100 		mvn	r0, #1
  86:Src/stm32f4xx_hal_msp.c **** 
  87:Src/stm32f4xx_hal_msp.c ****   /* USER CODE BEGIN MspInit 1 */
  88:Src/stm32f4xx_hal_msp.c **** 
  89:Src/stm32f4xx_hal_msp.c ****   /* USER CODE END MspInit 1 */
  90:Src/stm32f4xx_hal_msp.c **** }
 103              		.loc 1 90 0
 104 0074 02B0     		add	sp, sp, #8
 105              	.LCFI2:
 106              		.cfi_def_cfa_offset 8
 107              		@ sp needed
 108 0076 BDE81040 		pop	{r4, lr}
 109              	.LCFI3:
 110              		.cfi_restore 14
 111              		.cfi_restore 4
 112              		.cfi_def_cfa_offset 0
  85:Src/stm32f4xx_hal_msp.c **** 
 113              		.loc 1 85 0
 114 007a FFF7FEBF 		b	HAL_NVIC_SetPriority
 115              	.LVL5:
 116              	.L5:
 117 007e 00BF     		.align	2
 118              	.L4:
 119 0080 00380240 		.word	1073887232
 120              		.cfi_endproc
 121              	.LFE130:
 123              		.text
 124              	.Letext0:
 125              		.file 2 "/usr/arm-none-eabi/include/machine/_default_types.h"
 126              		.file 3 "/usr/arm-none-eabi/include/sys/_stdint.h"
 127              		.file 4 "Drivers/CMSIS/Include/core_cm4.h"
 128              		.file 5 "Drivers/CMSIS/Device/ST/STM32F4xx/Include/system_stm32f4xx.h"
 129              		.file 6 "Drivers/CMSIS/Device/ST/STM32F4xx/Include/stm32f413xx.h"
 130              		.file 7 "Drivers/STM32F4xx_HAL_Driver/Inc/stm32f4xx_hal_cortex.h"
ARM GAS  /tmp/cczvxfFz.s 			page 5


DEFINED SYMBOLS
                            *ABS*:0000000000000000 stm32f4xx_hal_msp.c
     /tmp/cczvxfFz.s:18     .text.HAL_MspInit:0000000000000000 $t
     /tmp/cczvxfFz.s:26     .text.HAL_MspInit:0000000000000000 HAL_MspInit
     /tmp/cczvxfFz.s:119    .text.HAL_MspInit:0000000000000080 $d

UNDEFINED SYMBOLS
HAL_NVIC_SetPriority
