ARM GAS  /tmp/ccWmbkd9.s 			page 1


   1              		.cpu cortex-m4
   2              		.eabi_attribute 27, 1
   3              		.eabi_attribute 28, 1
   4              		.eabi_attribute 20, 1
   5              		.eabi_attribute 21, 1
   6              		.eabi_attribute 23, 3
   7              		.eabi_attribute 24, 1
   8              		.eabi_attribute 25, 1
   9              		.eabi_attribute 26, 1
  10              		.eabi_attribute 30, 2
  11              		.eabi_attribute 34, 1
  12              		.eabi_attribute 18, 4
  13              		.file	"stm32f4xx_it.c"
  14              		.text
  15              	.Ltext0:
  16              		.cfi_sections	.debug_frame
  17              		.section	.text.NMI_Handler,"ax",%progbits
  18              		.align	1
  19              		.p2align 2,,3
  20              		.global	NMI_Handler
  21              		.syntax unified
  22              		.thumb
  23              		.thumb_func
  24              		.fpu fpv4-sp-d16
  26              	NMI_Handler:
  27              	.LFB130:
  28              		.file 1 "Src/stm32f4xx_it.c"
   1:Src/stm32f4xx_it.c **** /* USER CODE BEGIN Header */
   2:Src/stm32f4xx_it.c **** /**
   3:Src/stm32f4xx_it.c ****   ******************************************************************************
   4:Src/stm32f4xx_it.c ****   * @file    stm32f4xx_it.c
   5:Src/stm32f4xx_it.c ****   * @brief   Interrupt Service Routines.
   6:Src/stm32f4xx_it.c ****   ******************************************************************************
   7:Src/stm32f4xx_it.c ****   * @attention
   8:Src/stm32f4xx_it.c ****   *
   9:Src/stm32f4xx_it.c ****   * <h2><center>&copy; Copyright (c) 2019 STMicroelectronics.
  10:Src/stm32f4xx_it.c ****   * All rights reserved.</center></h2>
  11:Src/stm32f4xx_it.c ****   *
  12:Src/stm32f4xx_it.c ****   * This software component is licensed by ST under BSD 3-Clause license,
  13:Src/stm32f4xx_it.c ****   * the "License"; You may not use this file except in compliance with the
  14:Src/stm32f4xx_it.c ****   * License. You may obtain a copy of the License at:
  15:Src/stm32f4xx_it.c ****   *                        opensource.org/licenses/BSD-3-Clause
  16:Src/stm32f4xx_it.c ****   *
  17:Src/stm32f4xx_it.c ****   ******************************************************************************
  18:Src/stm32f4xx_it.c ****   */
  19:Src/stm32f4xx_it.c **** /* USER CODE END Header */
  20:Src/stm32f4xx_it.c **** 
  21:Src/stm32f4xx_it.c **** /* Includes ------------------------------------------------------------------*/
  22:Src/stm32f4xx_it.c **** #include "main.h"
  23:Src/stm32f4xx_it.c **** #include "stm32f4xx_it.h"
  24:Src/stm32f4xx_it.c **** /* Private includes ----------------------------------------------------------*/
  25:Src/stm32f4xx_it.c **** /* USER CODE BEGIN Includes */
  26:Src/stm32f4xx_it.c **** /* USER CODE END Includes */
  27:Src/stm32f4xx_it.c **** 
  28:Src/stm32f4xx_it.c **** /* Private typedef -----------------------------------------------------------*/
  29:Src/stm32f4xx_it.c **** /* USER CODE BEGIN TD */
  30:Src/stm32f4xx_it.c **** 
ARM GAS  /tmp/ccWmbkd9.s 			page 2


  31:Src/stm32f4xx_it.c **** /* USER CODE END TD */
  32:Src/stm32f4xx_it.c **** 
  33:Src/stm32f4xx_it.c **** /* Private define ------------------------------------------------------------*/
  34:Src/stm32f4xx_it.c **** /* USER CODE BEGIN PD */
  35:Src/stm32f4xx_it.c ****  
  36:Src/stm32f4xx_it.c **** /* USER CODE END PD */
  37:Src/stm32f4xx_it.c **** 
  38:Src/stm32f4xx_it.c **** /* Private macro -------------------------------------------------------------*/
  39:Src/stm32f4xx_it.c **** /* USER CODE BEGIN PM */
  40:Src/stm32f4xx_it.c **** 
  41:Src/stm32f4xx_it.c **** /* USER CODE END PM */
  42:Src/stm32f4xx_it.c **** 
  43:Src/stm32f4xx_it.c **** /* Private variables ---------------------------------------------------------*/
  44:Src/stm32f4xx_it.c **** /* USER CODE BEGIN PV */
  45:Src/stm32f4xx_it.c **** 
  46:Src/stm32f4xx_it.c **** /* USER CODE END PV */
  47:Src/stm32f4xx_it.c **** 
  48:Src/stm32f4xx_it.c **** /* Private function prototypes -----------------------------------------------*/
  49:Src/stm32f4xx_it.c **** /* USER CODE BEGIN PFP */
  50:Src/stm32f4xx_it.c **** 
  51:Src/stm32f4xx_it.c **** /* USER CODE END PFP */
  52:Src/stm32f4xx_it.c **** 
  53:Src/stm32f4xx_it.c **** /* Private user code ---------------------------------------------------------*/
  54:Src/stm32f4xx_it.c **** /* USER CODE BEGIN 0 */
  55:Src/stm32f4xx_it.c **** 
  56:Src/stm32f4xx_it.c **** /* USER CODE END 0 */
  57:Src/stm32f4xx_it.c **** 
  58:Src/stm32f4xx_it.c **** /* External variables --------------------------------------------------------*/
  59:Src/stm32f4xx_it.c **** extern DMA_HandleTypeDef hdma_adc1;
  60:Src/stm32f4xx_it.c **** extern TIM_HandleTypeDef htim6;
  61:Src/stm32f4xx_it.c **** /* USER CODE BEGIN EV */
  62:Src/stm32f4xx_it.c **** 
  63:Src/stm32f4xx_it.c **** /* USER CODE END EV */
  64:Src/stm32f4xx_it.c **** 
  65:Src/stm32f4xx_it.c **** /******************************************************************************/
  66:Src/stm32f4xx_it.c **** /*           Cortex-M4 Processor Interruption and Exception Handlers          */ 
  67:Src/stm32f4xx_it.c **** /******************************************************************************/
  68:Src/stm32f4xx_it.c **** /**
  69:Src/stm32f4xx_it.c ****   * @brief This function handles Non maskable interrupt.
  70:Src/stm32f4xx_it.c ****   */
  71:Src/stm32f4xx_it.c **** void NMI_Handler(void)
  72:Src/stm32f4xx_it.c **** {
  29              		.loc 1 72 0
  30              		.cfi_startproc
  31              		@ args = 0, pretend = 0, frame = 0
  32              		@ frame_needed = 0, uses_anonymous_args = 0
  33              		@ link register save eliminated.
  73:Src/stm32f4xx_it.c ****   /* USER CODE BEGIN NonMaskableInt_IRQn 0 */
  74:Src/stm32f4xx_it.c **** 
  75:Src/stm32f4xx_it.c ****   /* USER CODE END NonMaskableInt_IRQn 0 */
  76:Src/stm32f4xx_it.c ****   /* USER CODE BEGIN NonMaskableInt_IRQn 1 */
  77:Src/stm32f4xx_it.c **** 
  78:Src/stm32f4xx_it.c ****   /* USER CODE END NonMaskableInt_IRQn 1 */
  79:Src/stm32f4xx_it.c **** }
  34              		.loc 1 79 0
  35 0000 7047     		bx	lr
  36              		.cfi_endproc
ARM GAS  /tmp/ccWmbkd9.s 			page 3


  37              	.LFE130:
  39 0002 00BF     		.section	.text.HardFault_Handler,"ax",%progbits
  40              		.align	1
  41              		.p2align 2,,3
  42              		.global	HardFault_Handler
  43              		.syntax unified
  44              		.thumb
  45              		.thumb_func
  46              		.fpu fpv4-sp-d16
  48              	HardFault_Handler:
  49              	.LFB131:
  80:Src/stm32f4xx_it.c **** 
  81:Src/stm32f4xx_it.c **** /**
  82:Src/stm32f4xx_it.c ****   * @brief This function handles Hard fault interrupt.
  83:Src/stm32f4xx_it.c ****   */
  84:Src/stm32f4xx_it.c **** void HardFault_Handler(void)
  85:Src/stm32f4xx_it.c **** {
  50              		.loc 1 85 0
  51              		.cfi_startproc
  52              		@ Volatile: function does not return.
  53              		@ args = 0, pretend = 0, frame = 0
  54              		@ frame_needed = 0, uses_anonymous_args = 0
  55              		@ link register save eliminated.
  56              	.L4:
  57 0000 FEE7     		b	.L4
  58              		.cfi_endproc
  59              	.LFE131:
  61 0002 00BF     		.section	.text.MemManage_Handler,"ax",%progbits
  62              		.align	1
  63              		.p2align 2,,3
  64              		.global	MemManage_Handler
  65              		.syntax unified
  66              		.thumb
  67              		.thumb_func
  68              		.fpu fpv4-sp-d16
  70              	MemManage_Handler:
  71              	.LFB132:
  86:Src/stm32f4xx_it.c ****   /* USER CODE BEGIN HardFault_IRQn 0 */
  87:Src/stm32f4xx_it.c **** 
  88:Src/stm32f4xx_it.c ****   /* USER CODE END HardFault_IRQn 0 */
  89:Src/stm32f4xx_it.c ****   while (1)
  90:Src/stm32f4xx_it.c ****   {
  91:Src/stm32f4xx_it.c ****     /* USER CODE BEGIN W1_HardFault_IRQn 0 */
  92:Src/stm32f4xx_it.c ****     /* USER CODE END W1_HardFault_IRQn 0 */
  93:Src/stm32f4xx_it.c ****   }
  94:Src/stm32f4xx_it.c **** }
  95:Src/stm32f4xx_it.c **** 
  96:Src/stm32f4xx_it.c **** /**
  97:Src/stm32f4xx_it.c ****   * @brief This function handles Memory management fault.
  98:Src/stm32f4xx_it.c ****   */
  99:Src/stm32f4xx_it.c **** void MemManage_Handler(void)
 100:Src/stm32f4xx_it.c **** {
  72              		.loc 1 100 0
  73              		.cfi_startproc
  74              		@ Volatile: function does not return.
  75              		@ args = 0, pretend = 0, frame = 0
  76              		@ frame_needed = 0, uses_anonymous_args = 0
ARM GAS  /tmp/ccWmbkd9.s 			page 4


  77              		@ link register save eliminated.
  78              	.L6:
  79 0000 FEE7     		b	.L6
  80              		.cfi_endproc
  81              	.LFE132:
  83 0002 00BF     		.section	.text.BusFault_Handler,"ax",%progbits
  84              		.align	1
  85              		.p2align 2,,3
  86              		.global	BusFault_Handler
  87              		.syntax unified
  88              		.thumb
  89              		.thumb_func
  90              		.fpu fpv4-sp-d16
  92              	BusFault_Handler:
  93              	.LFB133:
 101:Src/stm32f4xx_it.c ****   /* USER CODE BEGIN MemoryManagement_IRQn 0 */
 102:Src/stm32f4xx_it.c **** 
 103:Src/stm32f4xx_it.c ****   /* USER CODE END MemoryManagement_IRQn 0 */
 104:Src/stm32f4xx_it.c ****   while (1)
 105:Src/stm32f4xx_it.c ****   {
 106:Src/stm32f4xx_it.c ****     /* USER CODE BEGIN W1_MemoryManagement_IRQn 0 */
 107:Src/stm32f4xx_it.c ****     /* USER CODE END W1_MemoryManagement_IRQn 0 */
 108:Src/stm32f4xx_it.c ****   }
 109:Src/stm32f4xx_it.c **** }
 110:Src/stm32f4xx_it.c **** 
 111:Src/stm32f4xx_it.c **** /**
 112:Src/stm32f4xx_it.c ****   * @brief This function handles Pre-fetch fault, memory access fault.
 113:Src/stm32f4xx_it.c ****   */
 114:Src/stm32f4xx_it.c **** void BusFault_Handler(void)
 115:Src/stm32f4xx_it.c **** {
  94              		.loc 1 115 0
  95              		.cfi_startproc
  96              		@ Volatile: function does not return.
  97              		@ args = 0, pretend = 0, frame = 0
  98              		@ frame_needed = 0, uses_anonymous_args = 0
  99              		@ link register save eliminated.
 100              	.L8:
 101 0000 FEE7     		b	.L8
 102              		.cfi_endproc
 103              	.LFE133:
 105 0002 00BF     		.section	.text.UsageFault_Handler,"ax",%progbits
 106              		.align	1
 107              		.p2align 2,,3
 108              		.global	UsageFault_Handler
 109              		.syntax unified
 110              		.thumb
 111              		.thumb_func
 112              		.fpu fpv4-sp-d16
 114              	UsageFault_Handler:
 115              	.LFB134:
 116:Src/stm32f4xx_it.c ****   /* USER CODE BEGIN BusFault_IRQn 0 */
 117:Src/stm32f4xx_it.c **** 
 118:Src/stm32f4xx_it.c ****   /* USER CODE END BusFault_IRQn 0 */
 119:Src/stm32f4xx_it.c ****   while (1)
 120:Src/stm32f4xx_it.c ****   {
 121:Src/stm32f4xx_it.c ****     /* USER CODE BEGIN W1_BusFault_IRQn 0 */
 122:Src/stm32f4xx_it.c ****     /* USER CODE END W1_BusFault_IRQn 0 */
ARM GAS  /tmp/ccWmbkd9.s 			page 5


 123:Src/stm32f4xx_it.c ****   }
 124:Src/stm32f4xx_it.c **** }
 125:Src/stm32f4xx_it.c **** 
 126:Src/stm32f4xx_it.c **** /**
 127:Src/stm32f4xx_it.c ****   * @brief This function handles Undefined instruction or illegal state.
 128:Src/stm32f4xx_it.c ****   */
 129:Src/stm32f4xx_it.c **** void UsageFault_Handler(void)
 130:Src/stm32f4xx_it.c **** {
 116              		.loc 1 130 0
 117              		.cfi_startproc
 118              		@ Volatile: function does not return.
 119              		@ args = 0, pretend = 0, frame = 0
 120              		@ frame_needed = 0, uses_anonymous_args = 0
 121              		@ link register save eliminated.
 122              	.L10:
 123 0000 FEE7     		b	.L10
 124              		.cfi_endproc
 125              	.LFE134:
 127 0002 00BF     		.section	.text.SVC_Handler,"ax",%progbits
 128              		.align	1
 129              		.p2align 2,,3
 130              		.global	SVC_Handler
 131              		.syntax unified
 132              		.thumb
 133              		.thumb_func
 134              		.fpu fpv4-sp-d16
 136              	SVC_Handler:
 137              	.LFB142:
 138              		.cfi_startproc
 139              		@ args = 0, pretend = 0, frame = 0
 140              		@ frame_needed = 0, uses_anonymous_args = 0
 141              		@ link register save eliminated.
 142 0000 7047     		bx	lr
 143              		.cfi_endproc
 144              	.LFE142:
 146 0002 00BF     		.section	.text.DebugMon_Handler,"ax",%progbits
 147              		.align	1
 148              		.p2align 2,,3
 149              		.global	DebugMon_Handler
 150              		.syntax unified
 151              		.thumb
 152              		.thumb_func
 153              		.fpu fpv4-sp-d16
 155              	DebugMon_Handler:
 156              	.LFB144:
 157              		.cfi_startproc
 158              		@ args = 0, pretend = 0, frame = 0
 159              		@ frame_needed = 0, uses_anonymous_args = 0
 160              		@ link register save eliminated.
 161 0000 7047     		bx	lr
 162              		.cfi_endproc
 163              	.LFE144:
 165 0002 00BF     		.section	.text.PendSV_Handler,"ax",%progbits
 166              		.align	1
 167              		.p2align 2,,3
 168              		.global	PendSV_Handler
 169              		.syntax unified
ARM GAS  /tmp/ccWmbkd9.s 			page 6


 170              		.thumb
 171              		.thumb_func
 172              		.fpu fpv4-sp-d16
 174              	PendSV_Handler:
 175              	.LFB146:
 176              		.cfi_startproc
 177              		@ args = 0, pretend = 0, frame = 0
 178              		@ frame_needed = 0, uses_anonymous_args = 0
 179              		@ link register save eliminated.
 180 0000 7047     		bx	lr
 181              		.cfi_endproc
 182              	.LFE146:
 184 0002 00BF     		.section	.text.SysTick_Handler,"ax",%progbits
 185              		.align	1
 186              		.p2align 2,,3
 187              		.global	SysTick_Handler
 188              		.syntax unified
 189              		.thumb
 190              		.thumb_func
 191              		.fpu fpv4-sp-d16
 193              	SysTick_Handler:
 194              	.LFB138:
 131:Src/stm32f4xx_it.c ****   /* USER CODE BEGIN UsageFault_IRQn 0 */
 132:Src/stm32f4xx_it.c **** 
 133:Src/stm32f4xx_it.c ****   /* USER CODE END UsageFault_IRQn 0 */
 134:Src/stm32f4xx_it.c ****   while (1)
 135:Src/stm32f4xx_it.c ****   {
 136:Src/stm32f4xx_it.c ****     /* USER CODE BEGIN W1_UsageFault_IRQn 0 */
 137:Src/stm32f4xx_it.c ****     /* USER CODE END W1_UsageFault_IRQn 0 */
 138:Src/stm32f4xx_it.c ****   }
 139:Src/stm32f4xx_it.c **** }
 140:Src/stm32f4xx_it.c **** 
 141:Src/stm32f4xx_it.c **** /**
 142:Src/stm32f4xx_it.c ****   * @brief This function handles System service call via SWI instruction.
 143:Src/stm32f4xx_it.c ****   */
 144:Src/stm32f4xx_it.c **** void SVC_Handler(void)
 145:Src/stm32f4xx_it.c **** {
 146:Src/stm32f4xx_it.c ****   /* USER CODE BEGIN SVCall_IRQn 0 */
 147:Src/stm32f4xx_it.c **** 
 148:Src/stm32f4xx_it.c ****   /* USER CODE END SVCall_IRQn 0 */
 149:Src/stm32f4xx_it.c ****   /* USER CODE BEGIN SVCall_IRQn 1 */
 150:Src/stm32f4xx_it.c **** 
 151:Src/stm32f4xx_it.c ****   /* USER CODE END SVCall_IRQn 1 */
 152:Src/stm32f4xx_it.c **** }
 153:Src/stm32f4xx_it.c **** 
 154:Src/stm32f4xx_it.c **** /**
 155:Src/stm32f4xx_it.c ****   * @brief This function handles Debug monitor.
 156:Src/stm32f4xx_it.c ****   */
 157:Src/stm32f4xx_it.c **** void DebugMon_Handler(void)
 158:Src/stm32f4xx_it.c **** {
 159:Src/stm32f4xx_it.c ****   /* USER CODE BEGIN DebugMonitor_IRQn 0 */
 160:Src/stm32f4xx_it.c **** 
 161:Src/stm32f4xx_it.c ****   /* USER CODE END DebugMonitor_IRQn 0 */
 162:Src/stm32f4xx_it.c ****   /* USER CODE BEGIN DebugMonitor_IRQn 1 */
 163:Src/stm32f4xx_it.c **** 
 164:Src/stm32f4xx_it.c ****   /* USER CODE END DebugMonitor_IRQn 1 */
 165:Src/stm32f4xx_it.c **** }
ARM GAS  /tmp/ccWmbkd9.s 			page 7


 166:Src/stm32f4xx_it.c **** 
 167:Src/stm32f4xx_it.c **** /**
 168:Src/stm32f4xx_it.c ****   * @brief This function handles Pendable request for system service.
 169:Src/stm32f4xx_it.c ****   */
 170:Src/stm32f4xx_it.c **** void PendSV_Handler(void)
 171:Src/stm32f4xx_it.c **** {
 172:Src/stm32f4xx_it.c ****   /* USER CODE BEGIN PendSV_IRQn 0 */
 173:Src/stm32f4xx_it.c **** 
 174:Src/stm32f4xx_it.c ****   /* USER CODE END PendSV_IRQn 0 */
 175:Src/stm32f4xx_it.c ****   /* USER CODE BEGIN PendSV_IRQn 1 */
 176:Src/stm32f4xx_it.c **** 
 177:Src/stm32f4xx_it.c ****   /* USER CODE END PendSV_IRQn 1 */
 178:Src/stm32f4xx_it.c **** }
 179:Src/stm32f4xx_it.c **** 
 180:Src/stm32f4xx_it.c **** /**
 181:Src/stm32f4xx_it.c ****   * @brief This function handles System tick timer.
 182:Src/stm32f4xx_it.c ****   */
 183:Src/stm32f4xx_it.c **** void SysTick_Handler(void)
 184:Src/stm32f4xx_it.c **** {
 195              		.loc 1 184 0
 196              		.cfi_startproc
 197              		@ args = 0, pretend = 0, frame = 0
 198              		@ frame_needed = 0, uses_anonymous_args = 0
 199              		@ link register save eliminated.
 185:Src/stm32f4xx_it.c ****   /* USER CODE BEGIN SysTick_IRQn 0 */
 186:Src/stm32f4xx_it.c **** 
 187:Src/stm32f4xx_it.c ****   /* USER CODE END SysTick_IRQn 0 */
 188:Src/stm32f4xx_it.c ****   HAL_IncTick();
 200              		.loc 1 188 0
 201 0000 FFF7FEBF 		b	HAL_IncTick
 202              	.LVL0:
 203              		.cfi_endproc
 204              	.LFE138:
 206              		.section	.text.TIM6_DAC_IRQHandler,"ax",%progbits
 207              		.align	1
 208              		.p2align 2,,3
 209              		.global	TIM6_DAC_IRQHandler
 210              		.syntax unified
 211              		.thumb
 212              		.thumb_func
 213              		.fpu fpv4-sp-d16
 215              	TIM6_DAC_IRQHandler:
 216              	.LFB139:
 189:Src/stm32f4xx_it.c ****   /* USER CODE BEGIN SysTick_IRQn 1 */
 190:Src/stm32f4xx_it.c **** 
 191:Src/stm32f4xx_it.c ****   /* USER CODE END SysTick_IRQn 1 */
 192:Src/stm32f4xx_it.c **** }
 193:Src/stm32f4xx_it.c **** 
 194:Src/stm32f4xx_it.c **** /******************************************************************************/
 195:Src/stm32f4xx_it.c **** /* STM32F4xx Peripheral Interrupt Handlers                                    */
 196:Src/stm32f4xx_it.c **** /* Add here the Interrupt Handlers for the used peripherals.                  */
 197:Src/stm32f4xx_it.c **** /* For the available peripheral interrupt handler names,                      */
 198:Src/stm32f4xx_it.c **** /* please refer to the startup file (startup_stm32f4xx.s).                    */
 199:Src/stm32f4xx_it.c **** /******************************************************************************/
 200:Src/stm32f4xx_it.c **** 
 201:Src/stm32f4xx_it.c **** /**
 202:Src/stm32f4xx_it.c ****   * @brief This function handles TIM6 global interrupt, DAC1 and DAC2 underrun error interrupts.
ARM GAS  /tmp/ccWmbkd9.s 			page 8


 203:Src/stm32f4xx_it.c ****   */
 204:Src/stm32f4xx_it.c **** void TIM6_DAC_IRQHandler(void)
 205:Src/stm32f4xx_it.c **** {
 217              		.loc 1 205 0
 218              		.cfi_startproc
 219              		@ args = 0, pretend = 0, frame = 0
 220              		@ frame_needed = 0, uses_anonymous_args = 0
 221              		@ link register save eliminated.
 206:Src/stm32f4xx_it.c ****   /* USER CODE BEGIN TIM6_DAC_IRQn 0 */
 207:Src/stm32f4xx_it.c **** 
 208:Src/stm32f4xx_it.c ****   /* USER CODE END TIM6_DAC_IRQn 0 */
 209:Src/stm32f4xx_it.c ****   HAL_TIM_IRQHandler(&htim6);
 222              		.loc 1 209 0
 223 0000 0148     		ldr	r0, .L16
 224 0002 FFF7FEBF 		b	HAL_TIM_IRQHandler
 225              	.LVL1:
 226              	.L17:
 227 0006 00BF     		.align	2
 228              	.L16:
 229 0008 00000000 		.word	htim6
 230              		.cfi_endproc
 231              	.LFE139:
 233              		.section	.text.DMA2_Stream0_IRQHandler,"ax",%progbits
 234              		.align	1
 235              		.p2align 2,,3
 236              		.global	DMA2_Stream0_IRQHandler
 237              		.syntax unified
 238              		.thumb
 239              		.thumb_func
 240              		.fpu fpv4-sp-d16
 242              	DMA2_Stream0_IRQHandler:
 243              	.LFB140:
 210:Src/stm32f4xx_it.c ****   /* USER CODE BEGIN TIM6_DAC_IRQn 1 */
 211:Src/stm32f4xx_it.c **** 
 212:Src/stm32f4xx_it.c ****   /* USER CODE END TIM6_DAC_IRQn 1 */
 213:Src/stm32f4xx_it.c **** }
 214:Src/stm32f4xx_it.c **** 
 215:Src/stm32f4xx_it.c **** /**
 216:Src/stm32f4xx_it.c ****   * @brief This function handles DMA2 stream0 global interrupt.
 217:Src/stm32f4xx_it.c ****   */
 218:Src/stm32f4xx_it.c **** void DMA2_Stream0_IRQHandler(void)
 219:Src/stm32f4xx_it.c **** {
 244              		.loc 1 219 0
 245              		.cfi_startproc
 246              		@ args = 0, pretend = 0, frame = 0
 247              		@ frame_needed = 0, uses_anonymous_args = 0
 248              		@ link register save eliminated.
 220:Src/stm32f4xx_it.c ****   /* USER CODE BEGIN DMA2_Stream0_IRQn 0 */
 221:Src/stm32f4xx_it.c **** 
 222:Src/stm32f4xx_it.c ****   /* USER CODE END DMA2_Stream0_IRQn 0 */
 223:Src/stm32f4xx_it.c ****   HAL_DMA_IRQHandler(&hdma_adc1);
 249              		.loc 1 223 0
 250 0000 0148     		ldr	r0, .L19
 251 0002 FFF7FEBF 		b	HAL_DMA_IRQHandler
 252              	.LVL2:
 253              	.L20:
 254 0006 00BF     		.align	2
ARM GAS  /tmp/ccWmbkd9.s 			page 9


 255              	.L19:
 256 0008 00000000 		.word	hdma_adc1
 257              		.cfi_endproc
 258              	.LFE140:
 260              		.text
 261              	.Letext0:
 262              		.file 2 "/usr/arm-none-eabi/include/machine/_default_types.h"
 263              		.file 3 "/usr/arm-none-eabi/include/sys/_stdint.h"
 264              		.file 4 "Drivers/CMSIS/Include/core_cm4.h"
 265              		.file 5 "Drivers/CMSIS/Device/ST/STM32F4xx/Include/system_stm32f4xx.h"
 266              		.file 6 "Drivers/CMSIS/Device/ST/STM32F4xx/Include/stm32f413xx.h"
 267              		.file 7 "Drivers/STM32F4xx_HAL_Driver/Inc/stm32f4xx_hal_def.h"
 268              		.file 8 "Drivers/STM32F4xx_HAL_Driver/Inc/stm32f4xx_hal_dma.h"
 269              		.file 9 "Drivers/STM32F4xx_HAL_Driver/Inc/stm32f4xx_hal_tim.h"
 270              		.file 10 "Drivers/STM32F4xx_HAL_Driver/Inc/stm32f4xx_hal.h"
ARM GAS  /tmp/ccWmbkd9.s 			page 10


DEFINED SYMBOLS
                            *ABS*:0000000000000000 stm32f4xx_it.c
     /tmp/ccWmbkd9.s:18     .text.NMI_Handler:0000000000000000 $t
     /tmp/ccWmbkd9.s:26     .text.NMI_Handler:0000000000000000 NMI_Handler
     /tmp/ccWmbkd9.s:40     .text.HardFault_Handler:0000000000000000 $t
     /tmp/ccWmbkd9.s:48     .text.HardFault_Handler:0000000000000000 HardFault_Handler
     /tmp/ccWmbkd9.s:62     .text.MemManage_Handler:0000000000000000 $t
     /tmp/ccWmbkd9.s:70     .text.MemManage_Handler:0000000000000000 MemManage_Handler
     /tmp/ccWmbkd9.s:84     .text.BusFault_Handler:0000000000000000 $t
     /tmp/ccWmbkd9.s:92     .text.BusFault_Handler:0000000000000000 BusFault_Handler
     /tmp/ccWmbkd9.s:106    .text.UsageFault_Handler:0000000000000000 $t
     /tmp/ccWmbkd9.s:114    .text.UsageFault_Handler:0000000000000000 UsageFault_Handler
     /tmp/ccWmbkd9.s:128    .text.SVC_Handler:0000000000000000 $t
     /tmp/ccWmbkd9.s:136    .text.SVC_Handler:0000000000000000 SVC_Handler
     /tmp/ccWmbkd9.s:147    .text.DebugMon_Handler:0000000000000000 $t
     /tmp/ccWmbkd9.s:155    .text.DebugMon_Handler:0000000000000000 DebugMon_Handler
     /tmp/ccWmbkd9.s:166    .text.PendSV_Handler:0000000000000000 $t
     /tmp/ccWmbkd9.s:174    .text.PendSV_Handler:0000000000000000 PendSV_Handler
     /tmp/ccWmbkd9.s:185    .text.SysTick_Handler:0000000000000000 $t
     /tmp/ccWmbkd9.s:193    .text.SysTick_Handler:0000000000000000 SysTick_Handler
     /tmp/ccWmbkd9.s:207    .text.TIM6_DAC_IRQHandler:0000000000000000 $t
     /tmp/ccWmbkd9.s:215    .text.TIM6_DAC_IRQHandler:0000000000000000 TIM6_DAC_IRQHandler
     /tmp/ccWmbkd9.s:229    .text.TIM6_DAC_IRQHandler:0000000000000008 $d
     /tmp/ccWmbkd9.s:234    .text.DMA2_Stream0_IRQHandler:0000000000000000 $t
     /tmp/ccWmbkd9.s:242    .text.DMA2_Stream0_IRQHandler:0000000000000000 DMA2_Stream0_IRQHandler
     /tmp/ccWmbkd9.s:256    .text.DMA2_Stream0_IRQHandler:0000000000000008 $d

UNDEFINED SYMBOLS
HAL_IncTick
HAL_TIM_IRQHandler
htim6
HAL_DMA_IRQHandler
hdma_adc1
